Using pre-set license
Built from '2021.3/staging' branch; Version is '2021.3.9f1 (ad3870b89536) revision 11352176'; Using compiler version '192829333'; Build Type 'Release'
OS: 'Windows 10  (10.0.19044) 64bit Core' Language: 'en' Physical Memory: 16261 MB
BatchMode: 1, IsHumanControllingUs: 0, StartBugReporterOnCrash: 0, Is64bit: 1, IsPro: 1

COMMAND LINE ARGUMENTS:
E:\Install\Unity\2021.3.9f1\Editor\Unity.exe
-adb2
-batchMode
-noUpm
-name
AssetImportWorker22
-projectPath
D:/Unity/Space
-logFile
Logs/AssetImportWorker22.log
-srvPort
63985
Successfully changed project path to: D:/Unity/Space
D:/Unity/Space
[UnityMemory] Configuration Parameters - Can be set up in boot.config
    "memorysetup-bucket-allocator-granularity=16"
    "memorysetup-bucket-allocator-bucket-count=8"
    "memorysetup-bucket-allocator-block-size=33554432"
    "memorysetup-bucket-allocator-block-count=8"
    "memorysetup-main-allocator-block-size=16777216"
    "memorysetup-thread-allocator-block-size=16777216"
    "memorysetup-gfx-main-allocator-block-size=16777216"
    "memorysetup-gfx-thread-allocator-block-size=16777216"
    "memorysetup-cache-allocator-block-size=4194304"
    "memorysetup-typetree-allocator-block-size=2097152"
    "memorysetup-profiler-bucket-allocator-granularity=16"
    "memorysetup-profiler-bucket-allocator-bucket-count=8"
    "memorysetup-profiler-bucket-allocator-block-size=33554432"
    "memorysetup-profiler-bucket-allocator-block-count=8"
    "memorysetup-profiler-allocator-block-size=16777216"
    "memorysetup-profiler-editor-allocator-block-size=1048576"
    "memorysetup-temp-allocator-size-main=16777216"
    "memorysetup-job-temp-allocator-block-size=2097152"
    "memorysetup-job-temp-allocator-block-size-background=1048576"
    "memorysetup-job-temp-allocator-reduction-small-platforms=262144"
    "memorysetup-temp-allocator-size-background-worker=32768"
    "memorysetup-temp-allocator-size-job-worker=262144"
    "memorysetup-temp-allocator-size-preload-manager=33554432"
    "memorysetup-temp-allocator-size-nav-mesh-worker=65536"
    "memorysetup-temp-allocator-size-audio-worker=65536"
    "memorysetup-temp-allocator-size-cloud-worker=32768"
    "memorysetup-temp-allocator-size-gi-baking-worker=262144"
    "memorysetup-temp-allocator-size-gfx=262144"
Refreshing native plugins compatible for Editor in 44.14 ms, found 2 plugins.
Preloading 0 native plugins for Editor in 0.00 ms.
Initialize engine version: 2021.3.9f1 (ad3870b89536)
[Subsystems] Discovering subsystems at path E:/Install/Unity/2021.3.9f1/Editor/Data/Resources/UnitySubsystems
[Subsystems] Discovering subsystems at path D:/Unity/Space/Assets
GfxDevice: creating device client; threaded=0; jobified=0
Direct3D:
    Version:  Direct3D 11.0 [level 11.1]
    Renderer: NVIDIA GeForce RTX 3060 (ID=0x2504)
    Vendor:   NVIDIA
    VRAM:     12142 MB
    Driver:   31.0.15.1693
Initialize mono
Mono path[0] = 'E:/Install/Unity/2021.3.9f1/Editor/Data/Managed'
Mono path[1] = 'E:/Install/Unity/2021.3.9f1/Editor/Data/MonoBleedingEdge/lib/mono/unityjit-win32'
Mono config path = 'E:/Install/Unity/2021.3.9f1/Editor/Data/MonoBleedingEdge/etc'
Using monoOptions --debugger-agent=transport=dt_socket,embedding=1,server=y,suspend=n,address=127.0.0.1:56504
Begin MonoManager ReloadAssembly
Registering precompiled unity dll's ...
Register platform support module: E:/Install/Unity/2021.3.9f1/Editor/Data/PlaybackEngines/WebGLSupport/UnityEditor.WebGL.Extensions.dll
Register platform support module: E:/Install/Unity/2021.3.9f1/Editor/Data/PlaybackEngines/AndroidPlayer/UnityEditor.Android.Extensions.dll
Register platform support module: E:/Install/Unity/2021.3.9f1/Editor/Data/PlaybackEngines/WindowsStandaloneSupport/UnityEditor.WindowsStandalone.Extensions.dll
Registered in 0.458089 seconds.
Native extension for WindowsStandalone target not found
Native extension for Android target not found
Native extension for WebGL target not found
Refreshing native plugins compatible for Editor in 46.72 ms, found 2 plugins.
Preloading 0 native plugins for Editor in 0.00 ms.
Mono: successfully reloaded assembly
- Completed reload, in  7.543 seconds
Domain Reload Profiling:
	ReloadAssembly (7555ms)
		BeginReloadAssembly (4829ms)
			ExecutionOrderSort (0ms)
			DisableScriptedObjects (0ms)
			BackupInstance (0ms)
			ReleaseScriptingObjects (0ms)
			CreateAndSetChildDomain (7ms)
		EndReloadAssembly (1670ms)
			LoadAssemblies (4832ms)
			RebuildTransferFunctionScriptingTraits (43ms)
			SetupTypeCache (740ms)
			ReleaseScriptCaches (0ms)
			RebuildScriptCaches (33ms)
			SetupLoadedEditorAssemblies (700ms)
				LogAssemblyErrors (0ms)
				InitializePlatformSupportModulesInManaged (257ms)
				SetLoadedEditorAssemblies (0ms)
				RefreshPlugins (47ms)
				BeforeProcessingInitializeOnLoad (1ms)
				ProcessInitializeOnLoadAttributes (245ms)
				ProcessInitializeOnLoadMethodAttributes (128ms)
				AfterProcessingInitializeOnLoad (0ms)
				EditorAssembliesLoaded (10ms)
			ExecutionOrderSort2 (0ms)
			AwakeInstancesAfterBackupRestoration (0ms)
Platform modules already initialized, skipping
Registering precompiled user dll's ...
Registered in 0.002387 seconds.
Begin MonoManager ReloadAssembly
Native extension for WindowsStandalone target not found
Native extension for Android target not found
Native extension for WebGL target not found
Refreshing native plugins compatible for Editor in 0.41 ms, found 2 plugins.
Preloading 0 native plugins for Editor in 0.00 ms.
Mono: successfully reloaded assembly
- Completed reload, in  3.691 seconds
Domain Reload Profiling:
	ReloadAssembly (3692ms)
		BeginReloadAssembly (347ms)
			ExecutionOrderSort (0ms)
			DisableScriptedObjects (9ms)
			BackupInstance (0ms)
			ReleaseScriptingObjects (0ms)
			CreateAndSetChildDomain (169ms)
		EndReloadAssembly (3156ms)
			LoadAssemblies (186ms)
			RebuildTransferFunctionScriptingTraits (0ms)
			SetupTypeCache (404ms)
			ReleaseScriptCaches (0ms)
			RebuildScriptCaches (53ms)
			SetupLoadedEditorAssemblies (2530ms)
				LogAssemblyErrors (0ms)
				InitializePlatformSupportModulesInManaged (17ms)
				SetLoadedEditorAssemblies (1ms)
				RefreshPlugins (0ms)
				BeforeProcessingInitializeOnLoad (61ms)
				ProcessInitializeOnLoadAttributes (622ms)
				ProcessInitializeOnLoadMethodAttributes (1817ms)
				AfterProcessingInitializeOnLoad (11ms)
				EditorAssembliesLoaded (0ms)
			ExecutionOrderSort2 (0ms)
			AwakeInstancesAfterBackupRestoration (8ms)
Platform modules already initialized, skipping
========================================================================
Worker process is ready to serve import requests
Launched and connected shader compiler UnityShaderCompiler.exe after 0.12 seconds
Refreshing native plugins compatible for Editor in 0.64 ms, found 2 plugins.
Preloading 0 native plugins for Editor in 0.00 ms.
Unloading 2020 Unused Serialized files (Serialized files now loaded: 0)
Unloading 45 unused Assets / (276.2 KB). Loaded Objects now: 2481.
Memory consumption went from 92.1 MB to 91.8 MB.
Total: 3.113700 ms (FindLiveObjects: 0.175400 ms CreateObjectMapping: 0.071100 ms MarkObjects: 2.728600 ms  DeleteObjects: 0.137200 ms)

AssetImportParameters requested are different than current active one (requested -> active):
  custom:video-decoder-ogg-theora: a1e56fd34408186e4bbccfd4996cb3dc -> 
  custom:container-muxer-webm: aa71ff27fc2769a1b78a27578f13a17b -> 
  custom:container-demuxer-webm: 4f35f7cbe854078d1ac9338744f61a02 -> 
  custom:video-encoder-webm-vp8: eb34c28f22e8b96e1ab97ce403110664 -> 
  custom:audio-encoder-webm-vorbis: bf7c407c2cedff20999df2af8eb42d56 -> 
  custom:framework-win-MediaFoundation: 216162199b28c13a410421893ffa2e32 -> 
  custom:container-demuxer-ogg: 62fdf1f143b41e24485cea50d1cbac27 -> 
  custom:video-decoder-webm-vp8: 9c59270c3fd7afecdb556c50c9e8de78 -> 
  custom:audio-decoder-ogg-vorbis: bf7c407c2cedff20999df2af8eb42d56 -> 
========================================================================
Received Prepare
Registering precompiled user dll's ...
Registered in 0.001827 seconds.
Begin MonoManager ReloadAssembly
Native extension for WindowsStandalone target not found
Native extension for Android target not found
Native extension for WebGL target not found
Refreshing native plugins compatible for Editor in 0.42 ms, found 2 plugins.
Preloading 0 native plugins for Editor in 0.00 ms.
Mono: successfully reloaded assembly
- Completed reload, in  1.111 seconds
Domain Reload Profiling:
	ReloadAssembly (1111ms)
		BeginReloadAssembly (214ms)
			ExecutionOrderSort (0ms)
			DisableScriptedObjects (7ms)
			BackupInstance (0ms)
			ReleaseScriptingObjects (0ms)
			CreateAndSetChildDomain (40ms)
		EndReloadAssembly (788ms)
			LoadAssemblies (151ms)
			RebuildTransferFunctionScriptingTraits (0ms)
			SetupTypeCache (222ms)
			ReleaseScriptCaches (1ms)
			RebuildScriptCaches (54ms)
			SetupLoadedEditorAssemblies (389ms)
				LogAssemblyErrors (0ms)
				InitializePlatformSupportModulesInManaged (29ms)
				SetLoadedEditorAssemblies (1ms)
				RefreshPlugins (0ms)
				BeforeProcessingInitializeOnLoad (66ms)
				ProcessInitializeOnLoadAttributes (255ms)
				ProcessInitializeOnLoadMethodAttributes (30ms)
				AfterProcessingInitializeOnLoad (6ms)
				EditorAssembliesLoaded (0ms)
			ExecutionOrderSort2 (0ms)
			AwakeInstancesAfterBackupRestoration (7ms)
Platform modules already initialized, skipping
Refreshing native plugins compatible for Editor in 0.97 ms, found 2 plugins.
Preloading 0 native plugins for Editor in 0.00 ms.
Unloading 1967 Unused Serialized files (Serialized files now loaded: 0)
Unloading 26 unused Assets / (249.8 KB). Loaded Objects now: 2485.
Memory consumption went from 87.2 MB to 86.9 MB.
Total: 2.660900 ms (FindLiveObjects: 0.133000 ms CreateObjectMapping: 0.059900 ms MarkObjects: 2.410600 ms  DeleteObjects: 0.056300 ms)

AssetImportParameters requested are different than current active one (requested -> active):
  custom:video-decoder-ogg-theora: a1e56fd34408186e4bbccfd4996cb3dc -> 
  custom:container-muxer-webm: aa71ff27fc2769a1b78a27578f13a17b -> 
  custom:container-demuxer-webm: 4f35f7cbe854078d1ac9338744f61a02 -> 
  custom:video-encoder-webm-vp8: eb34c28f22e8b96e1ab97ce403110664 -> 
  custom:audio-encoder-webm-vorbis: bf7c407c2cedff20999df2af8eb42d56 -> 
  custom:framework-win-MediaFoundation: 216162199b28c13a410421893ffa2e32 -> 
  custom:container-demuxer-ogg: 62fdf1f143b41e24485cea50d1cbac27 -> 
  custom:video-decoder-webm-vp8: 9c59270c3fd7afecdb556c50c9e8de78 -> 
  custom:audio-decoder-ogg-vorbis: bf7c407c2cedff20999df2af8eb42d56 -> 
========================================================================
Received Import Request.
  Time since last request: 528139.397482 seconds.
  path: Assets/GameDevHQ/FileBase/Extensions
  artifactKey: Guid(2f88551da69754a47a85ea8c6d9d1b2d) Importer(815301076,1909f56bfc062723c751e8b465ee728b)
Start importing Assets/GameDevHQ/FileBase/Extensions using Guid(2f88551da69754a47a85ea8c6d9d1b2d) Importer(815301076,1909f56bfc062723c751e8b465ee728b)  -> (artifact id: 'd4cd44e2cede8825385d82d16122fe22') in 0.168299 seconds 
========================================================================
Received Import Request.
  Time since last request: 0.767024 seconds.
  path: Assets/GameDevHQ/FileBase/3D
  artifactKey: Guid(80b8ed5d4c0733746825316eeb78a94b) Importer(815301076,1909f56bfc062723c751e8b465ee728b)
Start importing Assets/GameDevHQ/FileBase/3D using Guid(80b8ed5d4c0733746825316eeb78a94b) Importer(815301076,1909f56bfc062723c751e8b465ee728b)  -> (artifact id: '791d57353727a1b23b5502d7818e1982') in 0.007985 seconds 
========================================================================
Received Import Request.
  Time since last request: 3.279546 seconds.
  path: Assets/GameDevHQ/FileBase/3D/Vehicles
  artifactKey: Guid(b595d08efd61c2d4cb5f12271aec2e55) Importer(815301076,1909f56bfc062723c751e8b465ee728b)
Start importing Assets/GameDevHQ/FileBase/3D/Vehicles using Guid(b595d08efd61c2d4cb5f12271aec2e55) Importer(815301076,1909f56bfc062723c751e8b465ee728b)  -> (artifact id: '347a5826be6903bc9d62fd8a90a8eaae') in 0.007338 seconds 
========================================================================
Received Import Request.
  Time since last request: 0.525466 seconds.
  path: Assets/GameDevHQ/FileBase/3D/Vehicles/Space
  artifactKey: Guid(61a4abade2d38a74f9bbfe27624fea47) Importer(815301076,1909f56bfc062723c751e8b465ee728b)
Start importing Assets/GameDevHQ/FileBase/3D/Vehicles/Space using Guid(61a4abade2d38a74f9bbfe27624fea47) Importer(815301076,1909f56bfc062723c751e8b465ee728b)  -> (artifact id: 'e2338c1a10a4a872bea5c1480270dc6f') in 0.005632 seconds 
========================================================================
Received Import Request.
  Time since last request: 2.161591 seconds.
  path: Assets/GameDevHQ/FileBase/3D/Vehicles/Space/Space_fighter_01
  artifactKey: Guid(bfaefb9b1a7df482d84bc153c44c76ee) Importer(815301076,1909f56bfc062723c751e8b465ee728b)
Start importing Assets/GameDevHQ/FileBase/3D/Vehicles/Space/Space_fighter_01 using Guid(bfaefb9b1a7df482d84bc153c44c76ee) Importer(815301076,1909f56bfc062723c751e8b465ee728b)  -> (artifact id: '6653d84bc7ba0f46979074506a5398e7') in 0.005435 seconds 
========================================================================
Received Import Request.
  Time since last request: 3.516518 seconds.
  path: Assets/GameDevHQ/FileBase/3D/Vehicles/Space/Space_fighter_01/FBX
  artifactKey: Guid(955162db052484c6393c8f717211ec60) Importer(815301076,1909f56bfc062723c751e8b465ee728b)
Start importing Assets/GameDevHQ/FileBase/3D/Vehicles/Space/Space_fighter_01/FBX using Guid(955162db052484c6393c8f717211ec60) Importer(815301076,1909f56bfc062723c751e8b465ee728b)  -> (artifact id: '71b6f4004d07aa674ea4fc60fa20e362') in 0.005236 seconds 
========================================================================
Received Import Request.
  Time since last request: 0.077519 seconds.
  path: Assets/GameDevHQ/FileBase/3D/Vehicles/Space/Space_fighter_01/FBX/Space_fighter_01.fbx
  artifactKey: Guid(7fd06e692873444e797696cb730858e6) Importer(815301076,1909f56bfc062723c751e8b465ee728b)
Start importing Assets/GameDevHQ/FileBase/3D/Vehicles/Space/Space_fighter_01/FBX/Space_fighter_01.fbx using Guid(7fd06e692873444e797696cb730858e6) Importer(815301076,1909f56bfc062723c751e8b465ee728b)  -> (artifact id: 'ed7344d8de8ec7014677b35f358381df') in 1.316721 seconds 
========================================================================
Received Import Request.
  Time since last request: 47.866035 seconds.
  path: Assets/GameDevHQ/FileBase/Extensions/Systems
  artifactKey: Guid(63b8695eb450d3747b557c816b9eb769) Importer(815301076,1909f56bfc062723c751e8b465ee728b)
Start importing Assets/GameDevHQ/FileBase/Extensions/Systems using Guid(63b8695eb450d3747b557c816b9eb769) Importer(815301076,1909f56bfc062723c751e8b465ee728b)  -> (artifact id: '13f133c5755cfc0b39af4821028bd018') in 0.006066 seconds 
========================================================================
Received Import Request.
  Time since last request: 0.526603 seconds.
  path: Assets/GameDevHQ/FileBase/Extensions/Systems/Utilities
  artifactKey: Guid(73d77c95bbbf1604492ed76f95bb9fd2) Importer(815301076,1909f56bfc062723c751e8b465ee728b)
Start importing Assets/GameDevHQ/FileBase/Extensions/Systems/Utilities using Guid(73d77c95bbbf1604492ed76f95bb9fd2) Importer(815301076,1909f56bfc062723c751e8b465ee728b)  -> (artifact id: '7fd73ba4ddb966f6588cb0ae7606844e') in 0.007867 seconds 
========================================================================
Received Import Request.
  Time since last request: 0.549635 seconds.
  path: Assets/GameDevHQ/FileBase/Extensions/Systems/Utilities/Transparent_Background
  artifactKey: Guid(644755661b0214f1498ac905e3ed6a36) Importer(815301076,1909f56bfc062723c751e8b465ee728b)
Start importing Assets/GameDevHQ/FileBase/Extensions/Systems/Utilities/Transparent_Background using Guid(644755661b0214f1498ac905e3ed6a36) Importer(815301076,1909f56bfc062723c751e8b465ee728b)  -> (artifact id: '7070c92e812dfd3b42940eddbd0cc388') in 0.009366 seconds 
========================================================================
Received Import Request.
  Time since last request: 0.570425 seconds.
  path: Assets/GameDevHQ/FileBase/Extensions/Systems/Utilities/Transparent_Background/Script
  artifactKey: Guid(c2f555ac1532b4714a6914ba0907283d) Importer(815301076,1909f56bfc062723c751e8b465ee728b)
Start importing Assets/GameDevHQ/FileBase/Extensions/Systems/Utilities/Transparent_Background/Script using Guid(c2f555ac1532b4714a6914ba0907283d) Importer(815301076,1909f56bfc062723c751e8b465ee728b)  -> (artifact id: 'adeb564e615e984b21c61269c42dc862') in 0.005824 seconds 
========================================================================
Received Import Request.
  Time since last request: 0.662250 seconds.
  path: Assets/GameDevHQ/FileBase/Extensions/Systems/Utilities/Transparent_Background/Script/TransparentBackgroundScreenshotRecorder.cs
  artifactKey: Guid(edec0b12fe9b54699ac41de292fe61d8) Importer(815301076,1909f56bfc062723c751e8b465ee728b)
Start importing Assets/GameDevHQ/FileBase/Extensions/Systems/Utilities/Transparent_Background/Script/TransparentBackgroundScreenshotRecorder.cs using Guid(edec0b12fe9b54699ac41de292fe61d8) Importer(815301076,1909f56bfc062723c751e8b465ee728b)  -> (artifact id: 'ae2fec1a264aa5ed451e46dc5fe218e9') in 0.703708 seconds 
========================================================================
Received Prepare
Registering precompiled user dll's ...
Registered in 0.002259 seconds.
Begin MonoManager ReloadAssembly
Native extension for WindowsStandalone target not found
Native extension for Android target not found
Native extension for WebGL target not found
Refreshing native plugins compatible for Editor in 0.40 ms, found 2 plugins.
Preloading 0 native plugins for Editor in 0.00 ms.
Mono: successfully reloaded assembly
- Completed reload, in  1.054 seconds
Domain Reload Profiling:
	ReloadAssembly (1054ms)
		BeginReloadAssembly (213ms)
			ExecutionOrderSort (0ms)
			DisableScriptedObjects (5ms)
			BackupInstance (0ms)
			ReleaseScriptingObjects (0ms)
			CreateAndSetChildDomain (57ms)
		EndReloadAssembly (744ms)
			LoadAssemblies (134ms)
			RebuildTransferFunctionScriptingTraits (0ms)
			SetupTypeCache (193ms)
			ReleaseScriptCaches (1ms)
			RebuildScriptCaches (52ms)
			SetupLoadedEditorAssemblies (378ms)
				LogAssemblyErrors (0ms)
				InitializePlatformSupportModulesInManaged (24ms)
				SetLoadedEditorAssemblies (0ms)
				RefreshPlugins (0ms)
				BeforeProcessingInitializeOnLoad (61ms)
				ProcessInitializeOnLoadAttributes (259ms)
				ProcessInitializeOnLoadMethodAttributes (26ms)
				AfterProcessingInitializeOnLoad (7ms)
				EditorAssembliesLoaded (0ms)
			ExecutionOrderSort2 (0ms)
			AwakeInstancesAfterBackupRestoration (5ms)
Platform modules already initialized, skipping
Refreshing native plugins compatible for Editor in 1.18 ms, found 2 plugins.
Preloading 0 native plugins for Editor in 0.00 ms.
Unloading 1967 Unused Serialized files (Serialized files now loaded: 0)
Unloading 26 unused Assets / (249.6 KB). Loaded Objects now: 2498.
Memory consumption went from 91.2 MB to 91.0 MB.
Total: 2.491800 ms (FindLiveObjects: 0.138700 ms CreateObjectMapping: 0.050700 ms MarkObjects: 2.227900 ms  DeleteObjects: 0.073600 ms)

AssetImportParameters requested are different than current active one (requested -> active):
  custom:video-decoder-ogg-theora: a1e56fd34408186e4bbccfd4996cb3dc -> 
  custom:container-muxer-webm: aa71ff27fc2769a1b78a27578f13a17b -> 
  custom:container-demuxer-webm: 4f35f7cbe854078d1ac9338744f61a02 -> 
  custom:video-encoder-webm-vp8: eb34c28f22e8b96e1ab97ce403110664 -> 
  custom:audio-encoder-webm-vorbis: bf7c407c2cedff20999df2af8eb42d56 -> 
  custom:framework-win-MediaFoundation: 216162199b28c13a410421893ffa2e32 -> 
  custom:container-demuxer-ogg: 62fdf1f143b41e24485cea50d1cbac27 -> 
  custom:video-decoder-webm-vp8: 9c59270c3fd7afecdb556c50c9e8de78 -> 
  custom:audio-decoder-ogg-vorbis: bf7c407c2cedff20999df2af8eb42d56 -> 
========================================================================
Received Import Request.
  Time since last request: 124.879763 seconds.
  path: Assets/GameDevHQ
  artifactKey: Guid(4318800da17733d4483b4bec3bd91aac) Importer(815301076,1909f56bfc062723c751e8b465ee728b)
Start importing Assets/GameDevHQ using Guid(4318800da17733d4483b4bec3bd91aac) Importer(815301076,1909f56bfc062723c751e8b465ee728b)  -> (artifact id: '6e499a2e0a1fd3a919f29ff0f9726c39') in 0.009623 seconds 
========================================================================
Received Prepare
Registering precompiled user dll's ...
Registered in 0.003271 seconds.
Begin MonoManager ReloadAssembly
Native extension for WindowsStandalone target not found
Native extension for Android target not found
Native extension for WebGL target not found
Refreshing native plugins compatible for Editor in 0.41 ms, found 2 plugins.
Preloading 0 native plugins for Editor in 0.00 ms.
Mono: successfully reloaded assembly
- Completed reload, in  1.016 seconds
Domain Reload Profiling:
	ReloadAssembly (1017ms)
		BeginReloadAssembly (174ms)
			ExecutionOrderSort (0ms)
			DisableScriptedObjects (6ms)
			BackupInstance (0ms)
			ReleaseScriptingObjects (0ms)
			CreateAndSetChildDomain (30ms)
		EndReloadAssembly (743ms)
			LoadAssemblies (126ms)
			RebuildTransferFunctionScriptingTraits (0ms)
			SetupTypeCache (190ms)
			ReleaseScriptCaches (1ms)
			RebuildScriptCaches (52ms)
			SetupLoadedEditorAssemblies (387ms)
				LogAssemblyErrors (0ms)
				InitializePlatformSupportModulesInManaged (26ms)
				SetLoadedEditorAssemblies (1ms)
				RefreshPlugins (0ms)
				BeforeProcessingInitializeOnLoad (72ms)
				ProcessInitializeOnLoadAttributes (256ms)
				ProcessInitializeOnLoadMethodAttributes (26ms)
				AfterProcessingInitializeOnLoad (5ms)
				EditorAssembliesLoaded (0ms)
			ExecutionOrderSort2 (0ms)
			AwakeInstancesAfterBackupRestoration (5ms)
Platform modules already initialized, skipping
Refreshing native plugins compatible for Editor in 1.11 ms, found 2 plugins.
Preloading 0 native plugins for Editor in 0.00 ms.
Unloading 1967 Unused Serialized files (Serialized files now loaded: 0)
Unloading 26 unused Assets / (249.5 KB). Loaded Objects now: 2501.
Memory consumption went from 91.2 MB to 91.0 MB.
Total: 2.700300 ms (FindLiveObjects: 0.147300 ms CreateObjectMapping: 0.059100 ms MarkObjects: 2.432900 ms  DeleteObjects: 0.059300 ms)

AssetImportParameters requested are different than current active one (requested -> active):
  custom:video-decoder-ogg-theora: a1e56fd34408186e4bbccfd4996cb3dc -> 
  custom:container-muxer-webm: aa71ff27fc2769a1b78a27578f13a17b -> 
  custom:container-demuxer-webm: 4f35f7cbe854078d1ac9338744f61a02 -> 
  custom:video-encoder-webm-vp8: eb34c28f22e8b96e1ab97ce403110664 -> 
  custom:audio-encoder-webm-vorbis: bf7c407c2cedff20999df2af8eb42d56 -> 
  custom:framework-win-MediaFoundation: 216162199b28c13a410421893ffa2e32 -> 
  custom:container-demuxer-ogg: 62fdf1f143b41e24485cea50d1cbac27 -> 
  custom:video-decoder-webm-vp8: 9c59270c3fd7afecdb556c50c9e8de78 -> 
  custom:audio-decoder-ogg-vorbis: bf7c407c2cedff20999df2af8eb42d56 -> 
========================================================================
Received Import Request.
  Time since last request: 105.526746 seconds.
  path: Assets
  artifactKey: Guid(00000000000000001000000000000000) Importer(815301076,1909f56bfc062723c751e8b465ee728b)
Start importing Assets using Guid(00000000000000001000000000000000) Importer(815301076,1909f56bfc062723c751e8b465ee728b)  -> (artifact id: '79842766b460edbeab6a34051e857a80') in 0.007946 seconds 
========================================================================
Received Prepare
Registering precompiled user dll's ...
Registered in 0.002021 seconds.
Begin MonoManager ReloadAssembly
Native extension for WindowsStandalone target not found
Native extension for Android target not found
Native extension for WebGL target not found
Refreshing native plugins compatible for Editor in 0.55 ms, found 2 plugins.
Preloading 0 native plugins for Editor in 0.00 ms.
Mono: successfully reloaded assembly
- Completed reload, in  1.106 seconds
Domain Reload Profiling:
	ReloadAssembly (1107ms)
		BeginReloadAssembly (193ms)
			ExecutionOrderSort (0ms)
			DisableScriptedObjects (6ms)
			BackupInstance (0ms)
			ReleaseScriptingObjects (0ms)
			CreateAndSetChildDomain (37ms)
		EndReloadAssembly (800ms)
			LoadAssemblies (138ms)
			RebuildTransferFunctionScriptingTraits (0ms)
			SetupTypeCache (216ms)
			ReleaseScriptCaches (1ms)
			RebuildScriptCaches (55ms)
			SetupLoadedEditorAssemblies (405ms)
				LogAssemblyErrors (0ms)
				InitializePlatformSupportModulesInManaged (30ms)
				SetLoadedEditorAssemblies (1ms)
				RefreshPlugins (1ms)
				BeforeProcessingInitializeOnLoad (58ms)
				ProcessInitializeOnLoadAttributes (278ms)
				ProcessInitializeOnLoadMethodAttributes (31ms)
				AfterProcessingInitializeOnLoad (7ms)
				EditorAssembliesLoaded (0ms)
			ExecutionOrderSort2 (0ms)
			AwakeInstancesAfterBackupRestoration (6ms)
Platform modules already initialized, skipping
Refreshing native plugins compatible for Editor in 1.10 ms, found 2 plugins.
Preloading 0 native plugins for Editor in 0.00 ms.
Unloading 1967 Unused Serialized files (Serialized files now loaded: 0)
Unloading 26 unused Assets / (249.6 KB). Loaded Objects now: 2504.
Memory consumption went from 91.3 MB to 91.0 MB.
Total: 4.258400 ms (FindLiveObjects: 0.138700 ms CreateObjectMapping: 0.049700 ms MarkObjects: 4.007900 ms  DeleteObjects: 0.060900 ms)

AssetImportParameters requested are different than current active one (requested -> active):
  custom:video-decoder-ogg-theora: a1e56fd34408186e4bbccfd4996cb3dc -> 
  custom:container-muxer-webm: aa71ff27fc2769a1b78a27578f13a17b -> 
  custom:container-demuxer-webm: 4f35f7cbe854078d1ac9338744f61a02 -> 
  custom:video-encoder-webm-vp8: eb34c28f22e8b96e1ab97ce403110664 -> 
  custom:audio-encoder-webm-vorbis: bf7c407c2cedff20999df2af8eb42d56 -> 
  custom:framework-win-MediaFoundation: 216162199b28c13a410421893ffa2e32 -> 
  custom:container-demuxer-ogg: 62fdf1f143b41e24485cea50d1cbac27 -> 
  custom:video-decoder-webm-vp8: 9c59270c3fd7afecdb556c50c9e8de78 -> 
  custom:audio-decoder-ogg-vorbis: bf7c407c2cedff20999df2af8eb42d56 -> 
========================================================================
Received Prepare
Registering precompiled user dll's ...
Registered in 0.001980 seconds.
Begin MonoManager ReloadAssembly
Native extension for WindowsStandalone target not found
Native extension for Android target not found
Native extension for WebGL target not found
Refreshing native plugins compatible for Editor in 0.42 ms, found 2 plugins.
Preloading 0 native plugins for Editor in 0.00 ms.
Mono: successfully reloaded assembly
- Completed reload, in  1.017 seconds
Domain Reload Profiling:
	ReloadAssembly (1018ms)
		BeginReloadAssembly (178ms)
			ExecutionOrderSort (0ms)
			DisableScriptedObjects (6ms)
			BackupInstance (0ms)
			ReleaseScriptingObjects (0ms)
			CreateAndSetChildDomain (31ms)
		EndReloadAssembly (737ms)
			LoadAssemblies (126ms)
			RebuildTransferFunctionScriptingTraits (0ms)
			SetupTypeCache (198ms)
			ReleaseScriptCaches (1ms)
			RebuildScriptCaches (47ms)
			SetupLoadedEditorAssemblies (372ms)
				LogAssemblyErrors (0ms)
				InitializePlatformSupportModulesInManaged (22ms)
				SetLoadedEditorAssemblies (2ms)
				RefreshPlugins (0ms)
				BeforeProcessingInitializeOnLoad (54ms)
				ProcessInitializeOnLoadAttributes (260ms)
				ProcessInitializeOnLoadMethodAttributes (29ms)
				AfterProcessingInitializeOnLoad (5ms)
				EditorAssembliesLoaded (0ms)
			ExecutionOrderSort2 (0ms)
			AwakeInstancesAfterBackupRestoration (7ms)
Platform modules already initialized, skipping
Refreshing native plugins compatible for Editor in 5.49 ms, found 2 plugins.
Preloading 0 native plugins for Editor in 0.00 ms.
Unloading 1967 Unused Serialized files (Serialized files now loaded: 0)
Unloading 26 unused Assets / (249.8 KB). Loaded Objects now: 2507.
Memory consumption went from 91.2 MB to 90.9 MB.
Total: 11.789900 ms (FindLiveObjects: 1.307300 ms CreateObjectMapping: 0.272300 ms MarkObjects: 10.124500 ms  DeleteObjects: 0.084100 ms)

AssetImportParameters requested are different than current active one (requested -> active):
  custom:video-decoder-ogg-theora: a1e56fd34408186e4bbccfd4996cb3dc -> 
  custom:container-muxer-webm: aa71ff27fc2769a1b78a27578f13a17b -> 
  custom:container-demuxer-webm: 4f35f7cbe854078d1ac9338744f61a02 -> 
  custom:video-encoder-webm-vp8: eb34c28f22e8b96e1ab97ce403110664 -> 
  custom:audio-encoder-webm-vorbis: bf7c407c2cedff20999df2af8eb42d56 -> 
  custom:framework-win-MediaFoundation: 216162199b28c13a410421893ffa2e32 -> 
  custom:container-demuxer-ogg: 62fdf1f143b41e24485cea50d1cbac27 -> 
  custom:video-decoder-webm-vp8: 9c59270c3fd7afecdb556c50c9e8de78 -> 
  custom:audio-decoder-ogg-vorbis: bf7c407c2cedff20999df2af8eb42d56 -> 
========================================================================
Received Prepare
Registering precompiled user dll's ...
Registered in 0.002306 seconds.
Begin MonoManager ReloadAssembly
Native extension for WindowsStandalone target not found
Native extension for Android target not found
Native extension for WebGL target not found
Refreshing native plugins compatible for Editor in 0.37 ms, found 2 plugins.
Preloading 0 native plugins for Editor in 0.00 ms.
Mono: successfully reloaded assembly
- Completed reload, in  1.117 seconds
Domain Reload Profiling:
	ReloadAssembly (1118ms)
		BeginReloadAssembly (203ms)
			ExecutionOrderSort (0ms)
			DisableScriptedObjects (5ms)
			BackupInstance (0ms)
			ReleaseScriptingObjects (0ms)
			CreateAndSetChildDomain (34ms)
		EndReloadAssembly (818ms)
			LoadAssemblies (147ms)
			RebuildTransferFunctionScriptingTraits (0ms)
			SetupTypeCache (200ms)
			ReleaseScriptCaches (1ms)
			RebuildScriptCaches (76ms)
			SetupLoadedEditorAssemblies (431ms)
				LogAssemblyErrors (0ms)
				InitializePlatformSupportModulesInManaged (23ms)
				SetLoadedEditorAssemblies (1ms)
				RefreshPlugins (0ms)
				BeforeProcessingInitializeOnLoad (59ms)
				ProcessInitializeOnLoadAttributes (309ms)
				ProcessInitializeOnLoadMethodAttributes (33ms)
				AfterProcessingInitializeOnLoad (6ms)
				EditorAssembliesLoaded (0ms)
			ExecutionOrderSort2 (0ms)
			AwakeInstancesAfterBackupRestoration (7ms)
Platform modules already initialized, skipping
Refreshing native plugins compatible for Editor in 1.30 ms, found 2 plugins.
Preloading 0 native plugins for Editor in 0.00 ms.
Unloading 1967 Unused Serialized files (Serialized files now loaded: 0)
Unloading 26 unused Assets / (249.6 KB). Loaded Objects now: 2510.
Memory consumption went from 91.3 MB to 91.0 MB.
Total: 4.462300 ms (FindLiveObjects: 0.224700 ms CreateObjectMapping: 0.182100 ms MarkObjects: 3.991800 ms  DeleteObjects: 0.061800 ms)

AssetImportParameters requested are different than current active one (requested -> active):
  custom:video-decoder-ogg-theora: a1e56fd34408186e4bbccfd4996cb3dc -> 
  custom:container-muxer-webm: aa71ff27fc2769a1b78a27578f13a17b -> 
  custom:container-demuxer-webm: 4f35f7cbe854078d1ac9338744f61a02 -> 
  custom:video-encoder-webm-vp8: eb34c28f22e8b96e1ab97ce403110664 -> 
  custom:audio-encoder-webm-vorbis: bf7c407c2cedff20999df2af8eb42d56 -> 
  custom:framework-win-MediaFoundation: 216162199b28c13a410421893ffa2e32 -> 
  custom:container-demuxer-ogg: 62fdf1f143b41e24485cea50d1cbac27 -> 
  custom:video-decoder-webm-vp8: 9c59270c3fd7afecdb556c50c9e8de78 -> 
  custom:audio-decoder-ogg-vorbis: bf7c407c2cedff20999df2af8eb42d56 -> 
========================================================================
Received Import Request.
  Time since last request: 239.038945 seconds.
  path: Assets/Asset/Wireframe
  artifactKey: Guid(b59c8f775d4b2824483f076c81fcf91a) Importer(815301076,1909f56bfc062723c751e8b465ee728b)
Start importing Assets/Asset/Wireframe using Guid(b59c8f775d4b2824483f076c81fcf91a) Importer(815301076,1909f56bfc062723c751e8b465ee728b)  -> (artifact id: '02e2c8b15412e91b7d887af71e72e5c5') in 0.008652 seconds 
========================================================================
Received Import Request.
  Time since last request: 3.618637 seconds.
  path: Assets/Asset/UI
  artifactKey: Guid(289a89ce834a118459e423259c131d8d) Importer(815301076,1909f56bfc062723c751e8b465ee728b)
Start importing Assets/Asset/UI using Guid(289a89ce834a118459e423259c131d8d) Importer(815301076,1909f56bfc062723c751e8b465ee728b)  -> (artifact id: '82e136b4d0a7407349587c2824cdf030') in 0.006015 seconds 
========================================================================
Received Import Request.
  Time since last request: 18.166321 seconds.
  path: Assets/Asset/UI/0000 shot.png
  artifactKey: Guid(68c088530c04bb740bbac5c70b3febea) Importer(815301076,1909f56bfc062723c751e8b465ee728b)
Start importing Assets/Asset/UI/0000 shot.png using Guid(68c088530c04bb740bbac5c70b3febea) Importer(815301076,1909f56bfc062723c751e8b465ee728b)  -> (artifact id: '3fe29c56126a0090c5f036405cd696b0') in 0.080836 seconds 
========================================================================
Received Prepare
Registering precompiled user dll's ...
Registered in 0.003144 seconds.
Begin MonoManager ReloadAssembly
Native extension for WindowsStandalone target not found
Native extension for Android target not found
Native extension for WebGL target not found
Refreshing native plugins compatible for Editor in 0.39 ms, found 2 plugins.
Preloading 0 native plugins for Editor in 0.00 ms.
Mono: successfully reloaded assembly
- Completed reload, in  1.010 seconds
Domain Reload Profiling:
	ReloadAssembly (1010ms)
		BeginReloadAssembly (173ms)
			ExecutionOrderSort (0ms)
			DisableScriptedObjects (5ms)
			BackupInstance (0ms)
			ReleaseScriptingObjects (0ms)
			CreateAndSetChildDomain (31ms)
		EndReloadAssembly (740ms)
			LoadAssemblies (123ms)
			RebuildTransferFunctionScriptingTraits (0ms)
			SetupTypeCache (205ms)
			ReleaseScriptCaches (1ms)
			RebuildScriptCaches (62ms)
			SetupLoadedEditorAssemblies (363ms)
				LogAssemblyErrors (0ms)
				InitializePlatformSupportModulesInManaged (24ms)
				SetLoadedEditorAssemblies (0ms)
				RefreshPlugins (0ms)
				BeforeProcessingInitializeOnLoad (59ms)
				ProcessInitializeOnLoadAttributes (245ms)
				ProcessInitializeOnLoadMethodAttributes (28ms)
				AfterProcessingInitializeOnLoad (6ms)
				EditorAssembliesLoaded (0ms)
			ExecutionOrderSort2 (0ms)
			AwakeInstancesAfterBackupRestoration (6ms)
Platform modules already initialized, skipping
Refreshing native plugins compatible for Editor in 1.48 ms, found 2 plugins.
Preloading 0 native plugins for Editor in 0.00 ms.
Unloading 1967 Unused Serialized files (Serialized files now loaded: 0)
Unloading 26 unused Assets / (249.6 KB). Loaded Objects now: 2514.
Memory consumption went from 91.3 MB to 91.0 MB.
Total: 3.210400 ms (FindLiveObjects: 0.262200 ms CreateObjectMapping: 0.131600 ms MarkObjects: 2.763900 ms  DeleteObjects: 0.051500 ms)

AssetImportParameters requested are different than current active one (requested -> active):
  custom:video-decoder-ogg-theora: a1e56fd34408186e4bbccfd4996cb3dc -> 
  custom:container-muxer-webm: aa71ff27fc2769a1b78a27578f13a17b -> 
  custom:container-demuxer-webm: 4f35f7cbe854078d1ac9338744f61a02 -> 
  custom:video-encoder-webm-vp8: eb34c28f22e8b96e1ab97ce403110664 -> 
  custom:audio-encoder-webm-vorbis: bf7c407c2cedff20999df2af8eb42d56 -> 
  custom:framework-win-MediaFoundation: 216162199b28c13a410421893ffa2e32 -> 
  custom:container-demuxer-ogg: 62fdf1f143b41e24485cea50d1cbac27 -> 
  custom:video-decoder-webm-vp8: 9c59270c3fd7afecdb556c50c9e8de78 -> 
  custom:audio-decoder-ogg-vorbis: bf7c407c2cedff20999df2af8eb42d56 -> 
========================================================================
Received Import Request.
  Time since last request: 234.659354 seconds.
  path: Assets/Asset/UI/icon.png
  artifactKey: Guid(25dcd038a93f65649bb692c242c76843) Importer(815301076,1909f56bfc062723c751e8b465ee728b)
Start importing Assets/Asset/UI/icon.png using Guid(25dcd038a93f65649bb692c242c76843) Importer(815301076,1909f56bfc062723c751e8b465ee728b)  -> (artifact id: 'fa594d026c6899669cdeff44f5b0bd28') in 0.067575 seconds 
========================================================================
Received Import Request.
  Time since last request: 38.318957 seconds.
  path: Assets/Asset/UI/target/asset-3.png
  artifactKey: Guid(ec39436419027f8488864ce7954ff8d8) Importer(815301076,1909f56bfc062723c751e8b465ee728b)
Start importing Assets/Asset/UI/target/asset-3.png using Guid(ec39436419027f8488864ce7954ff8d8) Importer(815301076,1909f56bfc062723c751e8b465ee728b)  -> (artifact id: '82faa28e402cdbeed06382012ccb9ae9') in 0.310203 seconds 
========================================================================
Received Import Request.
  Time since last request: 0.000027 seconds.
  path: Assets/Asset/UI/target/asset-11.png
  artifactKey: Guid(b61fbb7c3fa3eb84d818de5c53c2d827) Importer(815301076,1909f56bfc062723c751e8b465ee728b)
Start importing Assets/Asset/UI/target/asset-11.png using Guid(b61fbb7c3fa3eb84d818de5c53c2d827) Importer(815301076,1909f56bfc062723c751e8b465ee728b)  -> (artifact id: '9844ce55f1c613adb0a446db0ffd1024') in 0.018787 seconds 
========================================================================
Received Import Request.
  Time since last request: 0.000025 seconds.
  path: Assets/Asset/UI/target/asset-13.png
  artifactKey: Guid(62e040aa1b4d1c54986cf38317355955) Importer(815301076,1909f56bfc062723c751e8b465ee728b)
Start importing Assets/Asset/UI/target/asset-13.png using Guid(62e040aa1b4d1c54986cf38317355955) Importer(815301076,1909f56bfc062723c751e8b465ee728b)  -> (artifact id: '16b9feee0b73ff6fed4fc9879cdae499') in 0.030303 seconds 
========================================================================
Received Import Request.
  Time since last request: 0.000018 seconds.
  path: Assets/Asset/UI/target/asset-10_2.png
  artifactKey: Guid(39543dd7074a3ba4aa78ba722153a4f6) Importer(815301076,1909f56bfc062723c751e8b465ee728b)
Start importing Assets/Asset/UI/target/asset-10_2.png using Guid(39543dd7074a3ba4aa78ba722153a4f6) Importer(815301076,1909f56bfc062723c751e8b465ee728b)  -> (artifact id: '7b7fb188689d8f949c69334f0218b65e') in 0.032057 seconds 
========================================================================
Received Import Request.
  Time since last request: 0.000025 seconds.
  path: Assets/Asset/UI/target/asset-14.png
  artifactKey: Guid(a72e82e634527c5459dba1636af1beb8) Importer(815301076,1909f56bfc062723c751e8b465ee728b)
Start importing Assets/Asset/UI/target/asset-14.png using Guid(a72e82e634527c5459dba1636af1beb8) Importer(815301076,1909f56bfc062723c751e8b465ee728b)  -> (artifact id: '29522017e6f7280a34d9e0cdaad7194a') in 0.034072 seconds 
========================================================================
Received Import Request.
  Time since last request: 0.000024 seconds.
  path: Assets/Asset/UI/target/asset-7.png
  artifactKey: Guid(293d78ba53084dd4a876b7557e3f8bd3) Importer(815301076,1909f56bfc062723c751e8b465ee728b)
Start importing Assets/Asset/UI/target/asset-7.png using Guid(293d78ba53084dd4a876b7557e3f8bd3) Importer(815301076,1909f56bfc062723c751e8b465ee728b)  -> (artifact id: '5c3a00539145bcbdd800489ed13d80a0') in 0.049686 seconds 
========================================================================
Received Import Request.
  Time since last request: 0.000021 seconds.
  path: Assets/Asset/UI/target/asset-8.png
  artifactKey: Guid(1b5bcd5d65b996d42b296523091d4c4a) Importer(815301076,1909f56bfc062723c751e8b465ee728b)
Start importing Assets/Asset/UI/target/asset-8.png using Guid(1b5bcd5d65b996d42b296523091d4c4a) Importer(815301076,1909f56bfc062723c751e8b465ee728b)  -> (artifact id: 'a42687d82f2dd9ed850884cc554e6d39') in 0.066229 seconds 
========================================================================
Received Import Request.
  Time since last request: 0.000019 seconds.
  path: Assets/Asset/UI/target/asset-9_2.png
  artifactKey: Guid(1da5e2436f8364247bcdacd91122438c) Importer(815301076,1909f56bfc062723c751e8b465ee728b)
Start importing Assets/Asset/UI/target/asset-9_2.png using Guid(1da5e2436f8364247bcdacd91122438c) Importer(815301076,1909f56bfc062723c751e8b465ee728b)  -> (artifact id: '2a21d2de04cfa2815103fa5429ac7125') in 0.042618 seconds 
========================================================================
Received Import Request.
  Time since last request: 0.000026 seconds.
  path: Assets/Asset/UI/target/asset-5_2.png
  artifactKey: Guid(b1870d4f64cfe5746822da701fc5b4dc) Importer(815301076,1909f56bfc062723c751e8b465ee728b)
Start importing Assets/Asset/UI/target/asset-5_2.png using Guid(b1870d4f64cfe5746822da701fc5b4dc) Importer(815301076,1909f56bfc062723c751e8b465ee728b)  -> (artifact id: 'fa362c3ee09625345874818c12270904') in 0.065885 seconds 
========================================================================
Received Prepare
Registering precompiled user dll's ...
Registered in 0.002299 seconds.
Begin MonoManager ReloadAssembly
Native extension for WindowsStandalone target not found
Native extension for Android target not found
Native extension for WebGL target not found
Refreshing native plugins compatible for Editor in 0.46 ms, found 2 plugins.
Preloading 0 native plugins for Editor in 0.00 ms.
Mono: successfully reloaded assembly
- Completed reload, in  1.198 seconds
Domain Reload Profiling:
	ReloadAssembly (1199ms)
		BeginReloadAssembly (205ms)
			ExecutionOrderSort (0ms)
			DisableScriptedObjects (9ms)
			BackupInstance (0ms)
			ReleaseScriptingObjects (0ms)
			CreateAndSetChildDomain (39ms)
		EndReloadAssembly (867ms)
			LoadAssemblies (151ms)
			RebuildTransferFunctionScriptingTraits (0ms)
			SetupTypeCache (233ms)
			ReleaseScriptCaches (1ms)
			RebuildScriptCaches (56ms)
			SetupLoadedEditorAssemblies (440ms)
				LogAssemblyErrors (0ms)
				InitializePlatformSupportModulesInManaged (27ms)
				SetLoadedEditorAssemblies (1ms)
				RefreshPlugins (1ms)
				BeforeProcessingInitializeOnLoad (70ms)
				ProcessInitializeOnLoadAttributes (300ms)
				ProcessInitializeOnLoadMethodAttributes (31ms)
				AfterProcessingInitializeOnLoad (10ms)
				EditorAssembliesLoaded (0ms)
			ExecutionOrderSort2 (0ms)
			AwakeInstancesAfterBackupRestoration (6ms)
Platform modules already initialized, skipping
Refreshing native plugins compatible for Editor in 1.65 ms, found 2 plugins.
Preloading 0 native plugins for Editor in 0.00 ms.
Unloading 1967 Unused Serialized files (Serialized files now loaded: 0)
Unloading 26 unused Assets / (249.8 KB). Loaded Objects now: 2536.
Memory consumption went from 91.3 MB to 91.1 MB.
Total: 2.983400 ms (FindLiveObjects: 0.205200 ms CreateObjectMapping: 0.070100 ms MarkObjects: 2.637500 ms  DeleteObjects: 0.069400 ms)

AssetImportParameters requested are different than current active one (requested -> active):
  custom:video-decoder-ogg-theora: a1e56fd34408186e4bbccfd4996cb3dc -> 
  custom:container-muxer-webm: aa71ff27fc2769a1b78a27578f13a17b -> 
  custom:container-demuxer-webm: 4f35f7cbe854078d1ac9338744f61a02 -> 
  custom:video-encoder-webm-vp8: eb34c28f22e8b96e1ab97ce403110664 -> 
  custom:audio-encoder-webm-vorbis: bf7c407c2cedff20999df2af8eb42d56 -> 
  custom:framework-win-MediaFoundation: 216162199b28c13a410421893ffa2e32 -> 
  custom:container-demuxer-ogg: 62fdf1f143b41e24485cea50d1cbac27 -> 
  custom:video-decoder-webm-vp8: 9c59270c3fd7afecdb556c50c9e8de78 -> 
  custom:audio-decoder-ogg-vorbis: bf7c407c2cedff20999df2af8eb42d56 -> 
Editor requested this worker to shutdown with reason: Scaling down because of idle timeout
AssetImportWorker is now disconnected from the server
Process exiting
Exiting without the bug reporter. Application will terminate with return code 0