Using pre-set license
Built from '2021.3/staging' branch; Version is '2021.3.9f1 (ad3870b89536) revision 11352176'; Using compiler version '192829333'; Build Type 'Release'
OS: 'Windows 10  (10.0.19044) 64bit Core' Language: 'en' Physical Memory: 16261 MB
BatchMode: 1, IsHumanControllingUs: 0, StartBugReporterOnCrash: 0, Is64bit: 1, IsPro: 1

COMMAND LINE ARGUMENTS:
E:\Install\Unity\2021.3.9f1\Editor\Unity.exe
-adb2
-batchMode
-noUpm
-name
AssetImportWorker0
-projectPath
D:/Unity/Space
-logFile
Logs/AssetImportWorker0.log
-srvPort
60691
Successfully changed project path to: D:/Unity/Space
D:/Unity/Space
[UnityMemory] Configuration Parameters - Can be set up in boot.config
    "memorysetup-bucket-allocator-granularity=16"
    "memorysetup-bucket-allocator-bucket-count=8"
    "memorysetup-bucket-allocator-block-size=33554432"
    "memorysetup-bucket-allocator-block-count=8"
    "memorysetup-main-allocator-block-size=16777216"
    "memorysetup-thread-allocator-block-size=16777216"
    "memorysetup-gfx-main-allocator-block-size=16777216"
    "memorysetup-gfx-thread-allocator-block-size=16777216"
    "memorysetup-cache-allocator-block-size=4194304"
    "memorysetup-typetree-allocator-block-size=2097152"
    "memorysetup-profiler-bucket-allocator-granularity=16"
    "memorysetup-profiler-bucket-allocator-bucket-count=8"
    "memorysetup-profiler-bucket-allocator-block-size=33554432"
    "memorysetup-profiler-bucket-allocator-block-count=8"
    "memorysetup-profiler-allocator-block-size=16777216"
    "memorysetup-profiler-editor-allocator-block-size=1048576"
    "memorysetup-temp-allocator-size-main=16777216"
    "memorysetup-job-temp-allocator-block-size=2097152"
    "memorysetup-job-temp-allocator-block-size-background=1048576"
    "memorysetup-job-temp-allocator-reduction-small-platforms=262144"
    "memorysetup-temp-allocator-size-background-worker=32768"
    "memorysetup-temp-allocator-size-job-worker=262144"
    "memorysetup-temp-allocator-size-preload-manager=33554432"
    "memorysetup-temp-allocator-size-nav-mesh-worker=65536"
    "memorysetup-temp-allocator-size-audio-worker=65536"
    "memorysetup-temp-allocator-size-cloud-worker=32768"
    "memorysetup-temp-allocator-size-gi-baking-worker=262144"
    "memorysetup-temp-allocator-size-gfx=262144"
Refreshing native plugins compatible for Editor in 38.17 ms, found 2 plugins.
Preloading 0 native plugins for Editor in 0.00 ms.
Initialize engine version: 2021.3.9f1 (ad3870b89536)
[Subsystems] Discovering subsystems at path E:/Install/Unity/2021.3.9f1/Editor/Data/Resources/UnitySubsystems
[Subsystems] Discovering subsystems at path D:/Unity/Space/Assets
GfxDevice: creating device client; threaded=0; jobified=0
Direct3D:
    Version:  Direct3D 11.0 [level 11.1]
    Renderer: NVIDIA GeForce RTX 3060 (ID=0x2504)
    Vendor:   NVIDIA
    VRAM:     12142 MB
    Driver:   31.0.15.1693
Initialize mono
Mono path[0] = 'E:/Install/Unity/2021.3.9f1/Editor/Data/Managed'
Mono path[1] = 'E:/Install/Unity/2021.3.9f1/Editor/Data/MonoBleedingEdge/lib/mono/unityjit-win32'
Mono config path = 'E:/Install/Unity/2021.3.9f1/Editor/Data/MonoBleedingEdge/etc'
Using monoOptions --debugger-agent=transport=dt_socket,embedding=1,server=y,suspend=n,address=127.0.0.1:56096
Begin MonoManager ReloadAssembly
Registering precompiled unity dll's ...
Register platform support module: E:/Install/Unity/2021.3.9f1/Editor/Data/PlaybackEngines/WebGLSupport/UnityEditor.WebGL.Extensions.dll
Register platform support module: E:/Install/Unity/2021.3.9f1/Editor/Data/PlaybackEngines/WindowsStandaloneSupport/UnityEditor.WindowsStandalone.Extensions.dll
Registered in 0.189398 seconds.
Native extension for WindowsStandalone target not found
Native extension for WebGL target not found
Refreshing native plugins compatible for Editor in 35.15 ms, found 2 plugins.
Preloading 0 native plugins for Editor in 0.00 ms.
Mono: successfully reloaded assembly
- Completed reload, in  4.764 seconds
Domain Reload Profiling:
	ReloadAssembly (4765ms)
		BeginReloadAssembly (3267ms)
			ExecutionOrderSort (0ms)
			DisableScriptedObjects (0ms)
			BackupInstance (0ms)
			ReleaseScriptingObjects (0ms)
			CreateAndSetChildDomain (1ms)
		EndReloadAssembly (941ms)
			LoadAssemblies (3270ms)
			RebuildTransferFunctionScriptingTraits (0ms)
			SetupTypeCache (597ms)
			ReleaseScriptCaches (0ms)
			RebuildScriptCaches (32ms)
			SetupLoadedEditorAssemblies (255ms)
				LogAssemblyErrors (0ms)
				InitializePlatformSupportModulesInManaged (10ms)
				SetLoadedEditorAssemblies (0ms)
				RefreshPlugins (35ms)
				BeforeProcessingInitializeOnLoad (1ms)
				ProcessInitializeOnLoadAttributes (157ms)
				ProcessInitializeOnLoadMethodAttributes (52ms)
				AfterProcessingInitializeOnLoad (0ms)
				EditorAssembliesLoaded (0ms)
			ExecutionOrderSort2 (0ms)
			AwakeInstancesAfterBackupRestoration (0ms)
Platform modules already initialized, skipping
Registering precompiled user dll's ...
Registered in 0.002083 seconds.
Begin MonoManager ReloadAssembly
Native extension for WindowsStandalone target not found
Native extension for WebGL target not found
Refreshing native plugins compatible for Editor in 0.78 ms, found 2 plugins.
Preloading 0 native plugins for Editor in 0.00 ms.
Mono: successfully reloaded assembly
- Completed reload, in  5.190 seconds
Domain Reload Profiling:
	ReloadAssembly (5191ms)
		BeginReloadAssembly (248ms)
			ExecutionOrderSort (0ms)
			DisableScriptedObjects (8ms)
			BackupInstance (0ms)
			ReleaseScriptingObjects (0ms)
			CreateAndSetChildDomain (20ms)
		EndReloadAssembly (4790ms)
			LoadAssemblies (2157ms)
			RebuildTransferFunctionScriptingTraits (0ms)
			SetupTypeCache (800ms)
			ReleaseScriptCaches (1ms)
			RebuildScriptCaches (61ms)
			SetupLoadedEditorAssemblies (1832ms)
				LogAssemblyErrors (0ms)
				InitializePlatformSupportModulesInManaged (12ms)
				SetLoadedEditorAssemblies (1ms)
				RefreshPlugins (1ms)
				BeforeProcessingInitializeOnLoad (74ms)
				ProcessInitializeOnLoadAttributes (354ms)
				ProcessInitializeOnLoadMethodAttributes (1372ms)
				AfterProcessingInitializeOnLoad (19ms)
				EditorAssembliesLoaded (0ms)
			ExecutionOrderSort2 (0ms)
			AwakeInstancesAfterBackupRestoration (6ms)
Platform modules already initialized, skipping
========================================================================
Worker process is ready to serve import requests
Launched and connected shader compiler UnityShaderCompiler.exe after 0.18 seconds
Refreshing native plugins compatible for Editor in 0.67 ms, found 2 plugins.
Preloading 0 native plugins for Editor in 0.00 ms.
Unloading 1988 Unused Serialized files (Serialized files now loaded: 0)
Unloading 45 unused Assets / (1.3 MB). Loaded Objects now: 2448.
Memory consumption went from 90.2 MB to 88.9 MB.
Total: 4.489600 ms (FindLiveObjects: 0.462200 ms CreateObjectMapping: 0.256400 ms MarkObjects: 3.516600 ms  DeleteObjects: 0.252400 ms)

AssetImportParameters requested are different than current active one (requested -> active):
  custom:video-decoder-ogg-theora: a1e56fd34408186e4bbccfd4996cb3dc -> 
  custom:container-muxer-webm: aa71ff27fc2769a1b78a27578f13a17b -> 
  custom:container-demuxer-webm: 4f35f7cbe854078d1ac9338744f61a02 -> 
  custom:video-encoder-webm-vp8: eb34c28f22e8b96e1ab97ce403110664 -> 
  custom:audio-encoder-webm-vorbis: bf7c407c2cedff20999df2af8eb42d56 -> 
  custom:framework-win-MediaFoundation: 216162199b28c13a410421893ffa2e32 -> 
  custom:container-demuxer-ogg: 62fdf1f143b41e24485cea50d1cbac27 -> 
  custom:video-decoder-webm-vp8: 9c59270c3fd7afecdb556c50c9e8de78 -> 
  custom:audio-decoder-ogg-vorbis: bf7c407c2cedff20999df2af8eb42d56 -> 
========================================================================
Received Import Request.
  Time since last request: 181125.744160 seconds.
  path: Assets/GameDevHQ/FileBase/Plugin/Sprites/checkbox_hover.png
  artifactKey: Guid(3409d4ef96d68a847a812319a0889e99) Importer(815301076,1909f56bfc062723c751e8b465ee728b)
Start importing Assets/GameDevHQ/FileBase/Plugin/Sprites/checkbox_hover.png using Guid(3409d4ef96d68a847a812319a0889e99) Importer(815301076,1909f56bfc062723c751e8b465ee728b)  -> (artifact id: '89af71a96a550111447de50b274daaf3') in 0.243442 seconds 
========================================================================
Received Import Request.
  Time since last request: 0.000021 seconds.
  path: Assets/GameDevHQ/FileBase/Plugin/Sprites/ad_workshopsummit.png
  artifactKey: Guid(c9c4d5fc21e1a3c4dae90051b50b99cf) Importer(815301076,1909f56bfc062723c751e8b465ee728b)
Start importing Assets/GameDevHQ/FileBase/Plugin/Sprites/ad_workshopsummit.png using Guid(c9c4d5fc21e1a3c4dae90051b50b99cf) Importer(815301076,1909f56bfc062723c751e8b465ee728b)  -> (artifact id: '6c47711279f88d5ff52e7354cfdc7c91') in 0.061527 seconds 
========================================================================
Received Import Request.
  Time since last request: 0.000034 seconds.
  path: Assets/GameDevHQ/FileBase/Plugin/Sprites/Challenges_Header.png
  artifactKey: Guid(188e4be467ff19949ab33414bfced431) Importer(815301076,1909f56bfc062723c751e8b465ee728b)
Start importing Assets/GameDevHQ/FileBase/Plugin/Sprites/Challenges_Header.png using Guid(188e4be467ff19949ab33414bfced431) Importer(815301076,1909f56bfc062723c751e8b465ee728b)  -> (artifact id: '967e93135172375005d318243142f825') in 0.055869 seconds 
========================================================================
Received Import Request.
  Time since last request: 0.000038 seconds.
  path: Assets/GameDevHQ/FileBase/Plugin/Sprites/button_blue.png
  artifactKey: Guid(2b2489ae9a12a2442b32307a5db0e4ce) Importer(815301076,1909f56bfc062723c751e8b465ee728b)
Start importing Assets/GameDevHQ/FileBase/Plugin/Sprites/button_blue.png using Guid(2b2489ae9a12a2442b32307a5db0e4ce) Importer(815301076,1909f56bfc062723c751e8b465ee728b)  -> (artifact id: 'a85b0a56a2647879f998d89737f079a5') in 0.034375 seconds 
========================================================================
Received Import Request.
  Time since last request: 0.000031 seconds.
  path: Assets/GameDevHQ/FileBase/Plugin/Sprites/button_hover_green.png
  artifactKey: Guid(c2a592375487ef44ebf8baba26275635) Importer(815301076,1909f56bfc062723c751e8b465ee728b)
Start importing Assets/GameDevHQ/FileBase/Plugin/Sprites/button_hover_green.png using Guid(c2a592375487ef44ebf8baba26275635) Importer(815301076,1909f56bfc062723c751e8b465ee728b)  -> (artifact id: 'b56c68fd87d96fa73bf2ff6b93ab23e2') in 0.025998 seconds 
========================================================================
Received Import Request.
  Time since last request: 0.000017 seconds.
  path: Assets/GameDevHQ/FileBase/Plugin/Sprites/ad_zombie.png
  artifactKey: Guid(7ad0c34f49cd86f48b67f7788858451f) Importer(815301076,1909f56bfc062723c751e8b465ee728b)
Start importing Assets/GameDevHQ/FileBase/Plugin/Sprites/ad_zombie.png using Guid(7ad0c34f49cd86f48b67f7788858451f) Importer(815301076,1909f56bfc062723c751e8b465ee728b)  -> (artifact id: '9f3c24c34517cdff2a1213fdbfd174fc') in 0.038951 seconds 
========================================================================
Received Import Request.
  Time since last request: 7.539652 seconds.
  path: Assets/GameDevHQ/FileBase/Plugin/Fonts/FuturaStd-BoldOblique.otf
  artifactKey: Guid(5cb4434262dab0946b66d63c489196da) Importer(815301076,1909f56bfc062723c751e8b465ee728b)
Start importing Assets/GameDevHQ/FileBase/Plugin/Fonts/FuturaStd-BoldOblique.otf using Guid(5cb4434262dab0946b66d63c489196da) Importer(815301076,1909f56bfc062723c751e8b465ee728b)  -> (artifact id: '6eece0a372b8149051054b86ecdd27f1') in 0.184791 seconds 
========================================================================
Received Import Request.
  Time since last request: 0.000028 seconds.
  path: Assets/GameDevHQ/FileBase/Plugin/Fonts/SourceSansPro-SemiBold.ttf
  artifactKey: Guid(7ea17d442e0f65d4b8c1096a613e8279) Importer(815301076,1909f56bfc062723c751e8b465ee728b)
Start importing Assets/GameDevHQ/FileBase/Plugin/Fonts/SourceSansPro-SemiBold.ttf using Guid(7ea17d442e0f65d4b8c1096a613e8279) Importer(815301076,1909f56bfc062723c751e8b465ee728b)  -> (artifact id: 'c4119f538850e1f272a0ea47ea9ccdfa') in 0.026874 seconds 
========================================================================
Received Import Request.
  Time since last request: 0.000054 seconds.
  path: Assets/Framework/Assets/Skybox/Moon/Moon_Skybox.mat
  artifactKey: Guid(6cd846be74c6b451d8a7d14a80c94505) Importer(815301076,1909f56bfc062723c751e8b465ee728b)
Start importing Assets/Framework/Assets/Skybox/Moon/Moon_Skybox.mat using Guid(6cd846be74c6b451d8a7d14a80c94505) Importer(815301076,1909f56bfc062723c751e8b465ee728b)  -> (artifact id: 'fe0e477ff1da657df356f95656f23e83') in 0.087803 seconds 
========================================================================
Received Import Request.
  Time since last request: 0.000053 seconds.
  path: Assets/Asset/Texture/Materials/ming-wai-chan-11.mat
  artifactKey: Guid(cfa161e7abe30c44c88f6241998f0d79) Importer(815301076,1909f56bfc062723c751e8b465ee728b)
Start importing Assets/Asset/Texture/Materials/ming-wai-chan-11.mat using Guid(cfa161e7abe30c44c88f6241998f0d79) Importer(815301076,1909f56bfc062723c751e8b465ee728b)  -> (artifact id: '5fe7de2f908a450d2ff3cb54865b62bb') in 0.068594 seconds 
Editor requested this worker to shutdown with reason: Scaling down because of idle timeout
AssetImportWorker is now disconnected from the server
Process exiting
Exiting without the bug reporter. Application will terminate with return code 0