Using pre-set license
Built from '2021.3/staging' branch; Version is '2021.3.9f1 (ad3870b89536) revision 11352176'; Using compiler version '192829333'; Build Type 'Release'
OS: 'Windows 10  (10.0.19044) 64bit Core' Language: 'en' Physical Memory: 16261 MB
BatchMode: 1, IsHumanControllingUs: 0, StartBugReporterOnCrash: 0, Is64bit: 1, IsPro: 1

COMMAND LINE ARGUMENTS:
E:\Install\Unity\2021.3.9f1\Editor\Unity.exe
-adb2
-batchMode
-noUpm
-name
AssetImportWorker1
-projectPath
D:/Unity/Space
-logFile
Logs/AssetImportWorker1.log
-srvPort
62666
Successfully changed project path to: D:/Unity/Space
D:/Unity/Space
[UnityMemory] Configuration Parameters - Can be set up in boot.config
    "memorysetup-bucket-allocator-granularity=16"
    "memorysetup-bucket-allocator-bucket-count=8"
    "memorysetup-bucket-allocator-block-size=33554432"
    "memorysetup-bucket-allocator-block-count=8"
    "memorysetup-main-allocator-block-size=16777216"
    "memorysetup-thread-allocator-block-size=16777216"
    "memorysetup-gfx-main-allocator-block-size=16777216"
    "memorysetup-gfx-thread-allocator-block-size=16777216"
    "memorysetup-cache-allocator-block-size=4194304"
    "memorysetup-typetree-allocator-block-size=2097152"
    "memorysetup-profiler-bucket-allocator-granularity=16"
    "memorysetup-profiler-bucket-allocator-bucket-count=8"
    "memorysetup-profiler-bucket-allocator-block-size=33554432"
    "memorysetup-profiler-bucket-allocator-block-count=8"
    "memorysetup-profiler-allocator-block-size=16777216"
    "memorysetup-profiler-editor-allocator-block-size=1048576"
    "memorysetup-temp-allocator-size-main=16777216"
    "memorysetup-job-temp-allocator-block-size=2097152"
    "memorysetup-job-temp-allocator-block-size-background=1048576"
    "memorysetup-job-temp-allocator-reduction-small-platforms=262144"
    "memorysetup-temp-allocator-size-background-worker=32768"
    "memorysetup-temp-allocator-size-job-worker=262144"
    "memorysetup-temp-allocator-size-preload-manager=33554432"
    "memorysetup-temp-allocator-size-nav-mesh-worker=65536"
    "memorysetup-temp-allocator-size-audio-worker=65536"
    "memorysetup-temp-allocator-size-cloud-worker=32768"
    "memorysetup-temp-allocator-size-gi-baking-worker=262144"
    "memorysetup-temp-allocator-size-gfx=262144"
Refreshing native plugins compatible for Editor in 33.29 ms, found 2 plugins.
Preloading 0 native plugins for Editor in 0.00 ms.
Initialize engine version: 2021.3.9f1 (ad3870b89536)
[Subsystems] Discovering subsystems at path E:/Install/Unity/2021.3.9f1/Editor/Data/Resources/UnitySubsystems
[Subsystems] Discovering subsystems at path D:/Unity/Space/Assets
GfxDevice: creating device client; threaded=0; jobified=0
Direct3D:
    Version:  Direct3D 11.0 [level 11.1]
    Renderer: NVIDIA GeForce RTX 3060 (ID=0x2504)
    Vendor:   NVIDIA
    VRAM:     12142 MB
    Driver:   31.0.15.1693
Initialize mono
Mono path[0] = 'E:/Install/Unity/2021.3.9f1/Editor/Data/Managed'
Mono path[1] = 'E:/Install/Unity/2021.3.9f1/Editor/Data/MonoBleedingEdge/lib/mono/unityjit-win32'
Mono config path = 'E:/Install/Unity/2021.3.9f1/Editor/Data/MonoBleedingEdge/etc'
Using monoOptions --debugger-agent=transport=dt_socket,embedding=1,server=y,suspend=n,address=127.0.0.1:56296
Begin MonoManager ReloadAssembly
Registering precompiled unity dll's ...
Register platform support module: E:/Install/Unity/2021.3.9f1/Editor/Data/PlaybackEngines/WebGLSupport/UnityEditor.WebGL.Extensions.dll
Register platform support module: E:/Install/Unity/2021.3.9f1/Editor/Data/PlaybackEngines/WindowsStandaloneSupport/UnityEditor.WindowsStandalone.Extensions.dll
Registered in 0.007267 seconds.
Native extension for WindowsStandalone target not found
Native extension for WebGL target not found
Refreshing native plugins compatible for Editor in 32.20 ms, found 2 plugins.
Preloading 0 native plugins for Editor in 0.00 ms.
Mono: successfully reloaded assembly
- Completed reload, in  0.583 seconds
Domain Reload Profiling:
	ReloadAssembly (583ms)
		BeginReloadAssembly (110ms)
			ExecutionOrderSort (0ms)
			DisableScriptedObjects (0ms)
			BackupInstance (0ms)
			ReleaseScriptingObjects (0ms)
			CreateAndSetChildDomain (1ms)
		EndReloadAssembly (373ms)
			LoadAssemblies (108ms)
			RebuildTransferFunctionScriptingTraits (0ms)
			SetupTypeCache (96ms)
			ReleaseScriptCaches (0ms)
			RebuildScriptCaches (27ms)
			SetupLoadedEditorAssemblies (206ms)
				LogAssemblyErrors (0ms)
				InitializePlatformSupportModulesInManaged (8ms)
				SetLoadedEditorAssemblies (0ms)
				RefreshPlugins (32ms)
				BeforeProcessingInitializeOnLoad (1ms)
				ProcessInitializeOnLoadAttributes (125ms)
				ProcessInitializeOnLoadMethodAttributes (40ms)
				AfterProcessingInitializeOnLoad (0ms)
				EditorAssembliesLoaded (0ms)
			ExecutionOrderSort2 (0ms)
			AwakeInstancesAfterBackupRestoration (0ms)
Platform modules already initialized, skipping
Registering precompiled user dll's ...
Registered in 0.002003 seconds.
Begin MonoManager ReloadAssembly
Native extension for WindowsStandalone target not found
Native extension for WebGL target not found
Refreshing native plugins compatible for Editor in 0.29 ms, found 2 plugins.
Preloading 0 native plugins for Editor in 0.00 ms.
Mono: successfully reloaded assembly
- Completed reload, in  0.805 seconds
Domain Reload Profiling:
	ReloadAssembly (806ms)
		BeginReloadAssembly (126ms)
			ExecutionOrderSort (0ms)
			DisableScriptedObjects (5ms)
			BackupInstance (0ms)
			ReleaseScriptingObjects (0ms)
			CreateAndSetChildDomain (19ms)
		EndReloadAssembly (587ms)
			LoadAssemblies (87ms)
			RebuildTransferFunctionScriptingTraits (0ms)
			SetupTypeCache (165ms)
			ReleaseScriptCaches (0ms)
			RebuildScriptCaches (44ms)
			SetupLoadedEditorAssemblies (286ms)
				LogAssemblyErrors (0ms)
				InitializePlatformSupportModulesInManaged (6ms)
				SetLoadedEditorAssemblies (0ms)
				RefreshPlugins (0ms)
				BeforeProcessingInitializeOnLoad (43ms)
				ProcessInitializeOnLoadAttributes (211ms)
				ProcessInitializeOnLoadMethodAttributes (21ms)
				AfterProcessingInitializeOnLoad (5ms)
				EditorAssembliesLoaded (0ms)
			ExecutionOrderSort2 (0ms)
			AwakeInstancesAfterBackupRestoration (6ms)
Platform modules already initialized, skipping
========================================================================
Worker process is ready to serve import requests
Launched and connected shader compiler UnityShaderCompiler.exe after 0.04 seconds
Refreshing native plugins compatible for Editor in 0.41 ms, found 2 plugins.
Preloading 0 native plugins for Editor in 0.00 ms.
Unloading 2003 Unused Serialized files (Serialized files now loaded: 0)
Unloading 45 unused Assets / (1.3 MB). Loaded Objects now: 2464.
Memory consumption went from 92.6 MB to 91.3 MB.
Total: 2.485300 ms (FindLiveObjects: 0.124400 ms CreateObjectMapping: 0.048300 ms MarkObjects: 2.080000 ms  DeleteObjects: 0.232000 ms)

AssetImportParameters requested are different than current active one (requested -> active):
  custom:video-decoder-ogg-theora: a1e56fd34408186e4bbccfd4996cb3dc -> 
  custom:container-muxer-webm: aa71ff27fc2769a1b78a27578f13a17b -> 
  custom:container-demuxer-webm: 4f35f7cbe854078d1ac9338744f61a02 -> 
  custom:video-encoder-webm-vp8: eb34c28f22e8b96e1ab97ce403110664 -> 
  custom:audio-encoder-webm-vorbis: bf7c407c2cedff20999df2af8eb42d56 -> 
  custom:framework-win-MediaFoundation: 216162199b28c13a410421893ffa2e32 -> 
  custom:container-demuxer-ogg: 62fdf1f143b41e24485cea50d1cbac27 -> 
  custom:video-decoder-webm-vp8: 9c59270c3fd7afecdb556c50c9e8de78 -> 
  custom:audio-decoder-ogg-vorbis: bf7c407c2cedff20999df2af8eb42d56 -> 
========================================================================
Received Import Request.
  Time since last request: 270156.714724 seconds.
  path: Assets/Asset/3D/asteroids2.fbx
  artifactKey: Guid(3afa052a180db224380f3a327a6312ea) Importer(815301076,1909f56bfc062723c751e8b465ee728b)
Start importing Assets/Asset/3D/asteroids2.fbx using Guid(3afa052a180db224380f3a327a6312ea) Importer(815301076,1909f56bfc062723c751e8b465ee728b)  -> (artifact id: '5c2b4622a04b877840f991e41b43e750') in 0.168188 seconds 
========================================================================
Received Import Request.
  Time since last request: 0.000060 seconds.
  path: Assets/Asset/3D/asteroids5.fbx
  artifactKey: Guid(c7ce7fcc33cde2b4fa98782ed1ad5188) Importer(815301076,1909f56bfc062723c751e8b465ee728b)
Start importing Assets/Asset/3D/asteroids5.fbx using Guid(c7ce7fcc33cde2b4fa98782ed1ad5188) Importer(815301076,1909f56bfc062723c751e8b465ee728b)  -> (artifact id: 'ba46da4e088797761abb0bdbca894a40') in 0.021283 seconds 
========================================================================
Received Import Request.
  Time since last request: 14.779666 seconds.
  path: Assets/Asset/Texture/astroid_1_DefaultMaterial_Normal.png
  artifactKey: Guid(2b84a595f40208f4f9b842cb5ca59855) Importer(815301076,1909f56bfc062723c751e8b465ee728b)
Start importing Assets/Asset/Texture/astroid_1_DefaultMaterial_Normal.png using Guid(2b84a595f40208f4f9b842cb5ca59855) Importer(815301076,1909f56bfc062723c751e8b465ee728b)  -> (artifact id: 'a6c1c4e46223af80a6f70cdb5884c03a') in 0.143784 seconds 
========================================================================
Received Import Request.
  Time since last request: 0.000027 seconds.
  path: Assets/Asset/Texture/astroid_3_DefaultMaterial_SpecularSmoothness.png
  artifactKey: Guid(c19abc609d70ad64c929d9af63f86dac) Importer(815301076,1909f56bfc062723c751e8b465ee728b)
Start importing Assets/Asset/Texture/astroid_3_DefaultMaterial_SpecularSmoothness.png using Guid(c19abc609d70ad64c929d9af63f86dac) Importer(815301076,1909f56bfc062723c751e8b465ee728b)  -> (artifact id: 'd90970d0fc5468ba1ecddc2dbe6337b9') in 0.022503 seconds 
========================================================================
Received Import Request.
  Time since last request: 0.000036 seconds.
  path: Assets/Asset/Texture/astroid_1_DefaultMaterial_SpecularSmoothness.png
  artifactKey: Guid(9f7e9248d6090ee419352417c747a7eb) Importer(815301076,1909f56bfc062723c751e8b465ee728b)
Start importing Assets/Asset/Texture/astroid_1_DefaultMaterial_SpecularSmoothness.png using Guid(9f7e9248d6090ee419352417c747a7eb) Importer(815301076,1909f56bfc062723c751e8b465ee728b)  -> (artifact id: '7bae60d94f728570c8d05aa7c20b015d') in 0.061260 seconds 
========================================================================
Received Import Request.
  Time since last request: 0.000029 seconds.
  path: Assets/Asset/Texture/astroid_5_DefaultMaterial_SpecularSmoothness.png
  artifactKey: Guid(73d18b51694e3b849bcb3a96d845d389) Importer(815301076,1909f56bfc062723c751e8b465ee728b)
Start importing Assets/Asset/Texture/astroid_5_DefaultMaterial_SpecularSmoothness.png using Guid(73d18b51694e3b849bcb3a96d845d389) Importer(815301076,1909f56bfc062723c751e8b465ee728b)  -> (artifact id: '3a20531debd4143cae4968c9db3da5d8') in 0.017585 seconds 
========================================================================
Received Import Request.
  Time since last request: 0.000027 seconds.
  path: Assets/Asset/Texture/astroid_4_DefaultMaterial_AlbedoTransparency.png
  artifactKey: Guid(b2ba6b94186523b42a0edc5a4e86da3f) Importer(815301076,1909f56bfc062723c751e8b465ee728b)
Start importing Assets/Asset/Texture/astroid_4_DefaultMaterial_AlbedoTransparency.png using Guid(b2ba6b94186523b42a0edc5a4e86da3f) Importer(815301076,1909f56bfc062723c751e8b465ee728b)  -> (artifact id: '82fd1122636edef4b32ca2ccd7591e6f') in 0.018751 seconds 
========================================================================
Received Import Request.
  Time since last request: 0.000022 seconds.
  path: Assets/Asset/Texture/astroid_5_DefaultMaterial_AlbedoTransparency.png
  artifactKey: Guid(fc254f7aa66d60349a1ef1c1e8fb5220) Importer(815301076,1909f56bfc062723c751e8b465ee728b)
Start importing Assets/Asset/Texture/astroid_5_DefaultMaterial_AlbedoTransparency.png using Guid(fc254f7aa66d60349a1ef1c1e8fb5220) Importer(815301076,1909f56bfc062723c751e8b465ee728b)  -> (artifact id: '5656a6d0cca9a1e0e45c84ee0a6098de') in 0.033942 seconds 
Editor requested this worker to shutdown with reason: Scaling down because of idle timeout
AssetImportWorker is now disconnected from the server
Process exiting
Exiting without the bug reporter. Application will terminate with return code 0