Using pre-set license
Built from '2021.3/staging' branch; Version is '2021.3.9f1 (ad3870b89536) revision 11352176'; Using compiler version '192829333'; Build Type 'Release'
OS: 'Windows 10  (10.0.19044) 64bit Core' Language: 'en' Physical Memory: 16261 MB
BatchMode: 1, IsHumanControllingUs: 0, StartBugReporterOnCrash: 0, Is64bit: 1, IsPro: 1

COMMAND LINE ARGUMENTS:
E:\Install\Unity\2021.3.9f1\Editor\Unity.exe
-adb2
-batchMode
-noUpm
-name
AssetImportWorker0
-projectPath
D:/Unity/Space
-logFile
Logs/AssetImportWorker0.log
-srvPort
60762
Successfully changed project path to: D:/Unity/Space
D:/Unity/Space
[UnityMemory] Configuration Parameters - Can be set up in boot.config
    "memorysetup-bucket-allocator-granularity=16"
    "memorysetup-bucket-allocator-bucket-count=8"
    "memorysetup-bucket-allocator-block-size=33554432"
    "memorysetup-bucket-allocator-block-count=8"
    "memorysetup-main-allocator-block-size=16777216"
    "memorysetup-thread-allocator-block-size=16777216"
    "memorysetup-gfx-main-allocator-block-size=16777216"
    "memorysetup-gfx-thread-allocator-block-size=16777216"
    "memorysetup-cache-allocator-block-size=4194304"
    "memorysetup-typetree-allocator-block-size=2097152"
    "memorysetup-profiler-bucket-allocator-granularity=16"
    "memorysetup-profiler-bucket-allocator-bucket-count=8"
    "memorysetup-profiler-bucket-allocator-block-size=33554432"
    "memorysetup-profiler-bucket-allocator-block-count=8"
    "memorysetup-profiler-allocator-block-size=16777216"
    "memorysetup-profiler-editor-allocator-block-size=1048576"
    "memorysetup-temp-allocator-size-main=16777216"
    "memorysetup-job-temp-allocator-block-size=2097152"
    "memorysetup-job-temp-allocator-block-size-background=1048576"
    "memorysetup-job-temp-allocator-reduction-small-platforms=262144"
    "memorysetup-temp-allocator-size-background-worker=32768"
    "memorysetup-temp-allocator-size-job-worker=262144"
    "memorysetup-temp-allocator-size-preload-manager=33554432"
    "memorysetup-temp-allocator-size-nav-mesh-worker=65536"
    "memorysetup-temp-allocator-size-audio-worker=65536"
    "memorysetup-temp-allocator-size-cloud-worker=32768"
    "memorysetup-temp-allocator-size-gi-baking-worker=262144"
    "memorysetup-temp-allocator-size-gfx=262144"
Refreshing native plugins compatible for Editor in 36.44 ms, found 2 plugins.
Preloading 0 native plugins for Editor in 0.00 ms.
Initialize engine version: 2021.3.9f1 (ad3870b89536)
[Subsystems] Discovering subsystems at path E:/Install/Unity/2021.3.9f1/Editor/Data/Resources/UnitySubsystems
[Subsystems] Discovering subsystems at path D:/Unity/Space/Assets
GfxDevice: creating device client; threaded=0; jobified=0
Direct3D:
    Version:  Direct3D 11.0 [level 11.1]
    Renderer: NVIDIA GeForce RTX 3060 (ID=0x2504)
    Vendor:   NVIDIA
    VRAM:     12142 MB
    Driver:   31.0.15.1693
Invalid texture used for cursor - check importer settings or texture creation. Texture must be RGBA32, readable, have alphaIsTransparency enabled and have no mip chain.
Initialize mono
Mono path[0] = 'E:/Install/Unity/2021.3.9f1/Editor/Data/Managed'
Mono path[1] = 'E:/Install/Unity/2021.3.9f1/Editor/Data/MonoBleedingEdge/lib/mono/unityjit-win32'
Mono config path = 'E:/Install/Unity/2021.3.9f1/Editor/Data/MonoBleedingEdge/etc'
Using monoOptions --debugger-agent=transport=dt_socket,embedding=1,server=y,suspend=n,address=127.0.0.1:56240
Begin MonoManager ReloadAssembly
Registering precompiled unity dll's ...
Register platform support module: E:/Install/Unity/2021.3.9f1/Editor/Data/PlaybackEngines/WebGLSupport/UnityEditor.WebGL.Extensions.dll
Register platform support module: E:/Install/Unity/2021.3.9f1/Editor/Data/PlaybackEngines/AndroidPlayer/UnityEditor.Android.Extensions.dll
Register platform support module: E:/Install/Unity/2021.3.9f1/Editor/Data/PlaybackEngines/WindowsStandaloneSupport/UnityEditor.WindowsStandalone.Extensions.dll
Registered in 0.012562 seconds.
Native extension for WindowsStandalone target not found
Native extension for Android target not found
Native extension for WebGL target not found
Refreshing native plugins compatible for Editor in 34.12 ms, found 2 plugins.
Preloading 0 native plugins for Editor in 0.00 ms.
Mono: successfully reloaded assembly
- Completed reload, in  0.660 seconds
Domain Reload Profiling:
	ReloadAssembly (660ms)
		BeginReloadAssembly (123ms)
			ExecutionOrderSort (0ms)
			DisableScriptedObjects (0ms)
			BackupInstance (0ms)
			ReleaseScriptingObjects (0ms)
			CreateAndSetChildDomain (2ms)
		EndReloadAssembly (415ms)
			LoadAssemblies (122ms)
			RebuildTransferFunctionScriptingTraits (0ms)
			SetupTypeCache (124ms)
			ReleaseScriptCaches (0ms)
			RebuildScriptCaches (26ms)
			SetupLoadedEditorAssemblies (217ms)
				LogAssemblyErrors (0ms)
				InitializePlatformSupportModulesInManaged (50ms)
				SetLoadedEditorAssemblies (0ms)
				RefreshPlugins (34ms)
				BeforeProcessingInitializeOnLoad (1ms)
				ProcessInitializeOnLoadAttributes (89ms)
				ProcessInitializeOnLoadMethodAttributes (43ms)
				AfterProcessingInitializeOnLoad (0ms)
				EditorAssembliesLoaded (0ms)
			ExecutionOrderSort2 (0ms)
			AwakeInstancesAfterBackupRestoration (0ms)
Platform modules already initialized, skipping
Registering precompiled user dll's ...
Registered in 0.001905 seconds.
Begin MonoManager ReloadAssembly
Native extension for WindowsStandalone target not found
Native extension for Android target not found
Native extension for WebGL target not found
Refreshing native plugins compatible for Editor in 0.29 ms, found 2 plugins.
Preloading 0 native plugins for Editor in 0.00 ms.
Mono: successfully reloaded assembly
- Completed reload, in  1.066 seconds
Domain Reload Profiling:
	ReloadAssembly (1067ms)
		BeginReloadAssembly (307ms)
			ExecutionOrderSort (0ms)
			DisableScriptedObjects (5ms)
			BackupInstance (0ms)
			ReleaseScriptingObjects (0ms)
			CreateAndSetChildDomain (172ms)
		EndReloadAssembly (642ms)
			LoadAssemblies (117ms)
			RebuildTransferFunctionScriptingTraits (0ms)
			SetupTypeCache (181ms)
			ReleaseScriptCaches (0ms)
			RebuildScriptCaches (46ms)
			SetupLoadedEditorAssemblies (321ms)
				LogAssemblyErrors (0ms)
				InitializePlatformSupportModulesInManaged (14ms)
				SetLoadedEditorAssemblies (0ms)
				RefreshPlugins (0ms)
				BeforeProcessingInitializeOnLoad (50ms)
				ProcessInitializeOnLoadAttributes (220ms)
				ProcessInitializeOnLoadMethodAttributes (30ms)
				AfterProcessingInitializeOnLoad (5ms)
				EditorAssembliesLoaded (0ms)
			ExecutionOrderSort2 (0ms)
			AwakeInstancesAfterBackupRestoration (7ms)
Platform modules already initialized, skipping
========================================================================
Worker process is ready to serve import requests
Launched and connected shader compiler UnityShaderCompiler.exe after 0.04 seconds
Refreshing native plugins compatible for Editor in 0.62 ms, found 2 plugins.
Preloading 0 native plugins for Editor in 0.00 ms.
Unloading 2022 Unused Serialized files (Serialized files now loaded: 0)
Unloading 45 unused Assets / (276.2 KB). Loaded Objects now: 2483.
Memory consumption went from 93.2 MB to 93.0 MB.
Total: 2.858000 ms (FindLiveObjects: 0.133000 ms CreateObjectMapping: 0.055100 ms MarkObjects: 2.562100 ms  DeleteObjects: 0.107000 ms)

AssetImportParameters requested are different than current active one (requested -> active):
  custom:video-decoder-ogg-theora: a1e56fd34408186e4bbccfd4996cb3dc -> 
  custom:container-muxer-webm: aa71ff27fc2769a1b78a27578f13a17b -> 
  custom:container-demuxer-webm: 4f35f7cbe854078d1ac9338744f61a02 -> 
  custom:video-encoder-webm-vp8: eb34c28f22e8b96e1ab97ce403110664 -> 
  custom:audio-encoder-webm-vorbis: bf7c407c2cedff20999df2af8eb42d56 -> 
  custom:framework-win-MediaFoundation: 216162199b28c13a410421893ffa2e32 -> 
  custom:container-demuxer-ogg: 62fdf1f143b41e24485cea50d1cbac27 -> 
  custom:video-decoder-webm-vp8: 9c59270c3fd7afecdb556c50c9e8de78 -> 
  custom:audio-decoder-ogg-vorbis: bf7c407c2cedff20999df2af8eb42d56 -> 
========================================================================
Received Import Request.
  Time since last request: 1958.702674 seconds.
  path: Assets/Asset/UI/target/curs.png
  artifactKey: Guid(6ad2301b057a5d340af48f6fbb20da74) Importer(815301076,1909f56bfc062723c751e8b465ee728b)
Start importing Assets/Asset/UI/target/curs.png using Guid(6ad2301b057a5d340af48f6fbb20da74) Importer(815301076,1909f56bfc062723c751e8b465ee728b)  -> (artifact id: '9111b6977bbedad1024fb02f19b51056') in 0.054573 seconds 
========================================================================
Received Import Request.
  Time since last request: 40.618608 seconds.
  path: Assets/Asset/UI/target/curs.png
  artifactKey: Guid(6ad2301b057a5d340af48f6fbb20da74) Importer(815301076,1909f56bfc062723c751e8b465ee728b)
Start importing Assets/Asset/UI/target/curs.png using Guid(6ad2301b057a5d340af48f6fbb20da74) Importer(815301076,1909f56bfc062723c751e8b465ee728b)  -> (artifact id: 'dc77da3d8da6d9054f13b19073ac5d4d') in 0.051415 seconds 
========================================================================
Received Prepare
Refreshing native plugins compatible for Editor in 2.20 ms, found 2 plugins.
Preloading 0 native plugins for Editor in 0.00 ms.
Unloading 27 Unused Serialized files (Serialized files now loaded: 0)
Unloading 27 unused Assets / (247.2 KB). Loaded Objects now: 2486.
Memory consumption went from 49.1 MB to 48.9 MB.
Total: 3.015100 ms (FindLiveObjects: 0.146700 ms CreateObjectMapping: 0.058100 ms MarkObjects: 2.732000 ms  DeleteObjects: 0.077400 ms)

AssetImportParameters requested are different than current active one (requested -> active):
  custom:video-decoder-ogg-theora: a1e56fd34408186e4bbccfd4996cb3dc -> 
  custom:container-muxer-webm: aa71ff27fc2769a1b78a27578f13a17b -> 
  custom:container-demuxer-webm: 4f35f7cbe854078d1ac9338744f61a02 -> 
  custom:video-encoder-webm-vp8: eb34c28f22e8b96e1ab97ce403110664 -> 
  custom:audio-encoder-webm-vorbis: bf7c407c2cedff20999df2af8eb42d56 -> 
  custom:framework-win-MediaFoundation: 216162199b28c13a410421893ffa2e32 -> 
  custom:container-demuxer-ogg: 62fdf1f143b41e24485cea50d1cbac27 -> 
  custom:video-decoder-webm-vp8: 9c59270c3fd7afecdb556c50c9e8de78 -> 
  custom:audio-decoder-ogg-vorbis: bf7c407c2cedff20999df2af8eb42d56 -> 
========================================================================
Received Import Request.
  Time since last request: 651.669288 seconds.
  path: Assets/Asset
  artifactKey: Guid(b4d87c70d7b3c6845ae83ea14218406b) Importer(815301076,1909f56bfc062723c751e8b465ee728b)
Start importing Assets/Asset using Guid(b4d87c70d7b3c6845ae83ea14218406b) Importer(815301076,1909f56bfc062723c751e8b465ee728b)  -> (artifact id: 'ddf39a201c2ce862176e795eda059dac') in 0.006303 seconds 
========================================================================
Received Import Request.
  Time since last request: 10.250939 seconds.
  path: Assets/Scenes/SampleScene_Profiles/GameObject Profile.asset
  artifactKey: Guid(0aca9cc4af1dd05479a8ce91930b48d4) Importer(815301076,1909f56bfc062723c751e8b465ee728b)
Start importing Assets/Scenes/SampleScene_Profiles/GameObject Profile.asset using Guid(0aca9cc4af1dd05479a8ce91930b48d4) Importer(815301076,1909f56bfc062723c751e8b465ee728b)  -> (artifact id: '5f79ea2c3e152c13d869a78e7f59ba7b') in 0.010608 seconds 
========================================================================
Received Import Request.
  Time since last request: 239.188590 seconds.
  path: Packages/com.unity.postprocessing/PostProcessing/Shaders/Builtins/AutoExposure.compute
  artifactKey: Guid(34845e0ca016b7448842e965db5890a5) Importer(815301076,1909f56bfc062723c751e8b465ee728b)
Start importing Packages/com.unity.postprocessing/PostProcessing/Shaders/Builtins/AutoExposure.compute using Guid(34845e0ca016b7448842e965db5890a5) Importer(815301076,1909f56bfc062723c751e8b465ee728b)  -> (artifact id: '7ec070c9a97143ece4d1bec7187c19ef') in 0.007353 seconds 
========================================================================
Received Import Request.
  Time since last request: 0.318597 seconds.
  path: Packages/com.unity.postprocessing/PostProcessing/Shaders/Builtins/DepthOfField.hlsl
  artifactKey: Guid(4ae2d18891fcdd2408b0c1f3f2038c62) Importer(815301076,1909f56bfc062723c751e8b465ee728b)
Start importing Packages/com.unity.postprocessing/PostProcessing/Shaders/Builtins/DepthOfField.hlsl using Guid(4ae2d18891fcdd2408b0c1f3f2038c62) Importer(815301076,1909f56bfc062723c751e8b465ee728b)  -> (artifact id: '945d7caab3109d11878c986660965593') in 0.014752 seconds 
========================================================================
Received Import Request.
  Time since last request: 0.005095 seconds.
  path: Packages/com.unity.postprocessing/PostProcessing/Shaders/Builtins/Dithering.hlsl
  artifactKey: Guid(b17c8e94a77f9a24d80deb0464a28ddd) Importer(815301076,1909f56bfc062723c751e8b465ee728b)
Start importing Packages/com.unity.postprocessing/PostProcessing/Shaders/Builtins/Dithering.hlsl using Guid(b17c8e94a77f9a24d80deb0464a28ddd) Importer(815301076,1909f56bfc062723c751e8b465ee728b)  -> (artifact id: 'e68d5d6991726e281c022ac0929988c0') in 0.010992 seconds 
========================================================================
Received Import Request.
  Time since last request: 0.014466 seconds.
  path: Packages/com.unity.postprocessing/PostProcessing/Shaders/Builtins/Fog.hlsl
  artifactKey: Guid(6c5a4cd8abc6e204985ac645b8dad78e) Importer(815301076,1909f56bfc062723c751e8b465ee728b)
Start importing Packages/com.unity.postprocessing/PostProcessing/Shaders/Builtins/Fog.hlsl using Guid(6c5a4cd8abc6e204985ac645b8dad78e) Importer(815301076,1909f56bfc062723c751e8b465ee728b)  -> (artifact id: 'b96d25e109865ab8ba7673f40db5b9fe') in 0.012876 seconds 
========================================================================
Received Import Request.
  Time since last request: 0.000032 seconds.
  path: Packages/com.unity.postprocessing/PostProcessing/Shaders/Builtins/ScreenSpaceReflections.hlsl
  artifactKey: Guid(ad99a5d3138ea7e47a3b2a3051034642) Importer(815301076,1909f56bfc062723c751e8b465ee728b)
Start importing Packages/com.unity.postprocessing/PostProcessing/Shaders/Builtins/ScreenSpaceReflections.hlsl using Guid(ad99a5d3138ea7e47a3b2a3051034642) Importer(815301076,1909f56bfc062723c751e8b465ee728b)  -> (artifact id: '78e97cb1351a9e3f2818acc948f174d7') in 0.011255 seconds 
========================================================================
Received Import Request.
  Time since last request: 0.000013 seconds.
  path: Packages/com.unity.postprocessing/PostProcessing/Shaders/Builtins/Texture3DLerp.compute
  artifactKey: Guid(31e9175024adfd44aba2530ff9b77494) Importer(815301076,1909f56bfc062723c751e8b465ee728b)
Start importing Packages/com.unity.postprocessing/PostProcessing/Shaders/Builtins/Texture3DLerp.compute using Guid(31e9175024adfd44aba2530ff9b77494) Importer(815301076,1909f56bfc062723c751e8b465ee728b)  -> (artifact id: '0b6343918f897ec73a4249a06e3421f9') in 0.007292 seconds 
========================================================================
Received Import Request.
  Time since last request: 0.000022 seconds.
  path: Packages/com.unity.postprocessing/PostProcessing/Shaders/Builtins/MultiScaleVOUpsample.compute
  artifactKey: Guid(600d6212b59bb40409d19d750b5fd1e9) Importer(815301076,1909f56bfc062723c751e8b465ee728b)
Start importing Packages/com.unity.postprocessing/PostProcessing/Shaders/Builtins/MultiScaleVOUpsample.compute using Guid(600d6212b59bb40409d19d750b5fd1e9) Importer(815301076,1909f56bfc062723c751e8b465ee728b)  -> (artifact id: '05c8c3a76ff7295a04d594b48fed55fa') in 0.005615 seconds 
========================================================================
Received Import Request.
  Time since last request: 0.000014 seconds.
  path: Packages/com.unity.postprocessing/PostProcessing/Shaders/Builtins/Lut3DBaker.compute
  artifactKey: Guid(42496b74c071f5749950ca1abe33e945) Importer(815301076,1909f56bfc062723c751e8b465ee728b)
Start importing Packages/com.unity.postprocessing/PostProcessing/Shaders/Builtins/Lut3DBaker.compute using Guid(42496b74c071f5749950ca1abe33e945) Importer(815301076,1909f56bfc062723c751e8b465ee728b)  -> (artifact id: 'd8535423dc3a97b100b50d24016e3ce6') in 0.007850 seconds 
========================================================================
Received Import Request.
  Time since last request: 0.000018 seconds.
  path: Packages/com.unity.postprocessing/PostProcessing/Shaders/Builtins/MultiScaleVODownsample2.compute
  artifactKey: Guid(e4d3e4779e48a374f91d48d4c0aedb7b) Importer(815301076,1909f56bfc062723c751e8b465ee728b)
Start importing Packages/com.unity.postprocessing/PostProcessing/Shaders/Builtins/MultiScaleVODownsample2.compute using Guid(e4d3e4779e48a374f91d48d4c0aedb7b) Importer(815301076,1909f56bfc062723c751e8b465ee728b)  -> (artifact id: 'd424dfb8ba50b9b4f2450d6955682b76') in 0.006754 seconds 
========================================================================
Received Import Request.
  Time since last request: 0.000024 seconds.
  path: Packages/com.unity.postprocessing/PostProcessing/Shaders/Builtins/MultiScaleVORender.compute
  artifactKey: Guid(34a460e8a2e66c243a9c12024e5a798d) Importer(815301076,1909f56bfc062723c751e8b465ee728b)
Start importing Packages/com.unity.postprocessing/PostProcessing/Shaders/Builtins/MultiScaleVORender.compute using Guid(34a460e8a2e66c243a9c12024e5a798d) Importer(815301076,1909f56bfc062723c751e8b465ee728b)  -> (artifact id: 'bb910761d3c5a1aabf90e9ad3950dd1f') in 0.007621 seconds 
========================================================================
Received Import Request.
  Time since last request: 0.000017 seconds.
  path: Packages/com.unity.postprocessing/PostProcessing/Shaders/Builtins/ExposureHistogram.compute
  artifactKey: Guid(8c2fcbdf9bc58664f89917f7b9d79501) Importer(815301076,1909f56bfc062723c751e8b465ee728b)
Start importing Packages/com.unity.postprocessing/PostProcessing/Shaders/Builtins/ExposureHistogram.compute using Guid(8c2fcbdf9bc58664f89917f7b9d79501) Importer(815301076,1909f56bfc062723c751e8b465ee728b)  -> (artifact id: '60979239af48c81395d399b6d5ff83a2') in 0.004079 seconds 
Editor requested this worker to shutdown with reason: Scaling down because of idle timeout
AssetImportWorker is now disconnected from the server
Process exiting
Exiting without the bug reporter. Application will terminate with return code 0